mode: atomic
github.com/org-placeholder/doc-uploader/services/zip-extraction/internal/app/app.go:54.50,54.91 1 4
github.com/org-placeholder/doc-uploader/services/zip-extraction/internal/app/app.go:57.50,62.12 3 4
github.com/org-placeholder/doc-uploader/services/zip-extraction/internal/app/app.go:62.12,64.3 1 4
github.com/org-placeholder/doc-uploader/services/zip-extraction/internal/app/app.go:67.2,67.27 1 4
github.com/org-placeholder/doc-uploader/services/zip-extraction/internal/app/app.go:67.27,71.17 4 2
github.com/org-placeholder/doc-uploader/services/zip-extraction/internal/app/app.go:71.17,75.4 3 1
github.com/org-placeholder/doc-uploader/services/zip-extraction/internal/app/app.go:77.2,85.12 5 3
github.com/org-placeholder/doc-uploader/services/zip-extraction/internal/app/app.go:85.12,87.101 2 3
github.com/org-placeholder/doc-uploader/services/zip-extraction/internal/app/app.go:87.101,89.18 2 0
github.com/org-placeholder/doc-uploader/services/zip-extraction/internal/app/app.go:89.18,91.5 1 0
github.com/org-placeholder/doc-uploader/services/zip-extraction/internal/app/app.go:93.4,101.20 2 0
github.com/org-placeholder/doc-uploader/services/zip-extraction/internal/app/app.go:106.2,106.9 1 3
github.com/org-placeholder/doc-uploader/services/zip-extraction/internal/app/app.go:107.20,108.52 1 2
github.com/org-placeholder/doc-uploader/services/zip-extraction/internal/app/app.go:109.26,110.17 1 1
github.com/org-placeholder/doc-uploader/services/zip-extraction/internal/app/app.go:110.17,113.4 2 1
github.com/org-placeholder/doc-uploader/services/zip-extraction/internal/app/app.go:114.19,115.22 1 0
github.com/org-placeholder/doc-uploader/services/zip-extraction/internal/app/app.go:115.22,118.4 2 0
github.com/org-placeholder/doc-uploader/services/zip-extraction/internal/app/app.go:122.2,127.12 4 2
github.com/org-placeholder/doc-uploader/services/zip-extraction/internal/app/app.go:127.12,129.18 2 2
github.com/org-placeholder/doc-uploader/services/zip-extraction/internal/app/app.go:129.18,129.38 1 2
github.com/org-placeholder/doc-uploader/services/zip-extraction/internal/app/app.go:131.2,131.9 1 2
github.com/org-placeholder/doc-uploader/services/zip-extraction/internal/app/app.go:132.19,132.19 0 2
github.com/org-placeholder/doc-uploader/services/zip-extraction/internal/app/app.go:133.86,134.56 1 0
github.com/org-placeholder/doc-uploader/services/zip-extraction/internal/app/app.go:138.2,142.12 5 2
github.com/org-placeholder/doc-uploader/services/zip-extraction/internal/awsclients/awsclients.go:37.70,38.22 1 0
github.com/org-placeholder/doc-uploader/services/zip-extraction/internal/awsclients/awsclients.go:38.22,40.3 1 0
github.com/org-placeholder/doc-uploader/services/zip-extraction/internal/awsclients/awsclients.go:42.2,49.16 3 0
github.com/org-placeholder/doc-uploader/services/zip-extraction/internal/awsclients/awsclients.go:49.16,51.3 1 0
github.com/org-placeholder/doc-uploader/services/zip-extraction/internal/awsclients/awsclients.go:54.2,54.32 1 0
github.com/org-placeholder/doc-uploader/services/zip-extraction/internal/awsclients/awsclients.go:54.32,55.31 1 0
github.com/org-placeholder/doc-uploader/services/zip-extraction/internal/awsclients/awsclients.go:55.31,58.4 2 0
github.com/org-placeholder/doc-uploader/services/zip-extraction/internal/awsclients/awsclients.go:60.2,60.34 1 0
github.com/org-placeholder/doc-uploader/services/zip-extraction/internal/awsclients/awsclients.go:60.34,61.31 1 0
github.com/org-placeholder/doc-uploader/services/zip-extraction/internal/awsclients/awsclients.go:61.31,63.4 1 0
github.com/org-placeholder/doc-uploader/services/zip-extraction/internal/awsclients/awsclients.go:65.2,65.39 1 0
github.com/org-placeholder/doc-uploader/services/zip-extraction/internal/awsclients/awsclients.go:65.39,66.31 1 0
github.com/org-placeholder/doc-uploader/services/zip-extraction/internal/awsclients/awsclients.go:66.31,68.4 1 0
github.com/org-placeholder/doc-uploader/services/zip-extraction/internal/awsclients/awsclients.go:71.2,78.8 2 0
github.com/org-placeholder/doc-uploader/services/zip-extraction/internal/bombdefence/checker.go:27.49,27.78 1 0
github.com/org-placeholder/doc-uploader/services/zip-extraction/internal/bombdefence/checker.go:32.67,33.62 1 0
github.com/org-placeholder/doc-uploader/services/zip-extraction/internal/bombdefence/checker.go:33.62,38.3 1 0
github.com/org-placeholder/doc-uploader/services/zip-extraction/internal/bombdefence/checker.go:39.2,39.43 1 0
github.com/org-placeholder/doc-uploader/services/zip-extraction/internal/bombdefence/checker.go:39.43,44.3 1 0
github.com/org-placeholder/doc-uploader/services/zip-extraction/internal/bombdefence/checker.go:45.2,45.12 1 0
github.com/org-placeholder/doc-uploader/services/zip-extraction/internal/bombdefence/checker.go:53.69,54.48 1 0
github.com/org-placeholder/doc-uploader/services/zip-extraction/internal/bombdefence/checker.go:54.48,59.3 1 0
github.com/org-placeholder/doc-uploader/services/zip-extraction/internal/bombdefence/checker.go:60.2,60.49 1 0
github.com/org-placeholder/doc-uploader/services/zip-extraction/internal/bombdefence/checker.go:60.49,65.3 1 0
github.com/org-placeholder/doc-uploader/services/zip-extraction/internal/bombdefence/checker.go:66.2,66.55 1 0
github.com/org-placeholder/doc-uploader/services/zip-extraction/internal/bombdefence/checker.go:66.55,71.3 1 0
github.com/org-placeholder/doc-uploader/services/zip-extraction/internal/bombdefence/checker.go:72.2,72.12 1 0
github.com/org-placeholder/doc-uploader/services/zip-extraction/internal/bombdefence/checker.go:83.81,91.2 1 0
github.com/org-placeholder/doc-uploader/services/zip-extraction/internal/bombdefence/checker.go:114.54,115.25 1 0
github.com/org-placeholder/doc-uploader/services/zip-extraction/internal/bombdefence/checker.go:115.25,117.3 1 0
github.com/org-placeholder/doc-uploader/services/zip-extraction/internal/bombdefence/checker.go:118.2,119.11 2 0
github.com/org-placeholder/doc-uploader/services/zip-extraction/internal/bombdefence/checker.go:119.11,121.70 2 0
github.com/org-placeholder/doc-uploader/services/zip-extraction/internal/bombdefence/checker.go:121.70,127.4 2 0
github.com/org-placeholder/doc-uploader/services/zip-extraction/internal/bombdefence/checker.go:131.3,131.99 1 0
github.com/org-placeholder/doc-uploader/services/zip-extraction/internal/bombdefence/checker.go:131.99,133.27 2 0
github.com/org-placeholder/doc-uploader/services/zip-extraction/internal/bombdefence/checker.go:133.27,139.5 2 0
github.com/org-placeholder/doc-uploader/services/zip-extraction/internal/bombdefence/checker.go:142.2,142.15 1 0
github.com/org-placeholder/doc-uploader/services/zip-extraction/internal/bombdefence/format.go:5.61,7.2 1 0
github.com/org-placeholder/doc-uploader/services/zip-extraction/internal/bombdefence/format.go:9.62,11.2 1 0
github.com/org-placeholder/doc-uploader/services/zip-extraction/internal/bombdefence/format.go:13.54,15.2 1 0
github.com/org-placeholder/doc-uploader/services/zip-extraction/internal/config/config.go:89.29,101.16 4 0
github.com/org-placeholder/doc-uploader/services/zip-extraction/internal/config/config.go:101.16,103.3 1 0
github.com/org-placeholder/doc-uploader/services/zip-extraction/internal/config/config.go:104.2,117.47 5 0
github.com/org-placeholder/doc-uploader/services/zip-extraction/internal/config/config.go:117.47,119.3 1 0
github.com/org-placeholder/doc-uploader/services/zip-extraction/internal/config/config.go:121.2,121.37 1 0
github.com/org-placeholder/doc-uploader/services/zip-extraction/internal/config/config.go:121.37,123.3 1 0
github.com/org-placeholder/doc-uploader/services/zip-extraction/internal/config/config.go:124.2,124.15 1 0
github.com/org-placeholder/doc-uploader/services/zip-extraction/internal/config/config.go:130.34,131.28 1 0
github.com/org-placeholder/doc-uploader/services/zip-extraction/internal/config/config.go:131.28,133.3 1 0
github.com/org-placeholder/doc-uploader/services/zip-extraction/internal/config/config.go:134.2,134.33 1 0
github.com/org-placeholder/doc-uploader/services/zip-extraction/internal/config/config.go:134.33,136.3 1 0
github.com/org-placeholder/doc-uploader/services/zip-extraction/internal/config/config.go:137.2,137.31 1 0
github.com/org-placeholder/doc-uploader/services/zip-extraction/internal/config/config.go:137.31,139.3 1 0
github.com/org-placeholder/doc-uploader/services/zip-extraction/internal/config/config.go:140.2,140.45 1 0
github.com/org-placeholder/doc-uploader/services/zip-extraction/internal/config/config.go:140.45,142.3 1 0
github.com/org-placeholder/doc-uploader/services/zip-extraction/internal/config/config.go:144.2,144.43 1 0
github.com/org-placeholder/doc-uploader/services/zip-extraction/internal/config/config.go:145.25,145.25 0 0
github.com/org-placeholder/doc-uploader/services/zip-extraction/internal/config/config.go:146.10,147.80 1 0
github.com/org-placeholder/doc-uploader/services/zip-extraction/internal/config/config.go:150.2,150.20 1 0
github.com/org-placeholder/doc-uploader/services/zip-extraction/internal/config/config.go:151.16,151.16 0 0
github.com/org-placeholder/doc-uploader/services/zip-extraction/internal/config/config.go:152.17,153.27 1 0
github.com/org-placeholder/doc-uploader/services/zip-extraction/internal/config/config.go:153.27,155.4 1 0
github.com/org-placeholder/doc-uploader/services/zip-extraction/internal/config/config.go:156.10,157.70 1 0
github.com/org-placeholder/doc-uploader/services/zip-extraction/internal/config/config.go:160.2,160.47 1 0
github.com/org-placeholder/doc-uploader/services/zip-extraction/internal/config/config.go:160.47,162.3 1 0
github.com/org-placeholder/doc-uploader/services/zip-extraction/internal/config/config.go:163.2,163.46 1 0
github.com/org-placeholder/doc-uploader/services/zip-extraction/internal/config/config.go:163.46,165.3 1 0
github.com/org-placeholder/doc-uploader/services/zip-extraction/internal/config/config.go:166.2,166.44 1 0
github.com/org-placeholder/doc-uploader/services/zip-extraction/internal/config/config.go:166.44,168.3 1 0
github.com/org-placeholder/doc-uploader/services/zip-extraction/internal/config/config.go:169.2,169.38 1 0
github.com/org-placeholder/doc-uploader/services/zip-extraction/internal/config/config.go:169.38,171.3 1 0
github.com/org-placeholder/doc-uploader/services/zip-extraction/internal/config/config.go:172.2,172.42 1 0
github.com/org-placeholder/doc-uploader/services/zip-extraction/internal/config/config.go:172.42,174.3 1 0
github.com/org-placeholder/doc-uploader/services/zip-extraction/internal/config/config.go:175.2,175.47 1 0
github.com/org-placeholder/doc-uploader/services/zip-extraction/internal/config/config.go:175.47,177.3 1 0
github.com/org-placeholder/doc-uploader/services/zip-extraction/internal/config/config.go:178.2,178.49 1 0
github.com/org-placeholder/doc-uploader/services/zip-extraction/internal/config/config.go:178.49,180.3 1 0
github.com/org-placeholder/doc-uploader/services/zip-extraction/internal/config/config.go:182.2,182.45 1 0
github.com/org-placeholder/doc-uploader/services/zip-extraction/internal/config/config.go:182.45,184.3 1 0
github.com/org-placeholder/doc-uploader/services/zip-extraction/internal/config/config.go:185.2,186.65 2 0
github.com/org-placeholder/doc-uploader/services/zip-extraction/internal/config/config.go:186.65,189.3 1 0
github.com/org-placeholder/doc-uploader/services/zip-extraction/internal/config/config.go:191.2,191.30 1 0
github.com/org-placeholder/doc-uploader/services/zip-extraction/internal/config/config.go:191.30,193.3 1 0
github.com/org-placeholder/doc-uploader/services/zip-extraction/internal/config/config.go:194.2,194.36 1 0
github.com/org-placeholder/doc-uploader/services/zip-extraction/internal/config/config.go:194.36,196.3 1 0
github.com/org-placeholder/doc-uploader/services/zip-extraction/internal/config/config.go:197.2,197.33 1 0
github.com/org-placeholder/doc-uploader/services/zip-extraction/internal/config/config.go:197.33,199.3 1 0
github.com/org-placeholder/doc-uploader/services/zip-extraction/internal/config/config.go:200.2,200.62 1 0
github.com/org-placeholder/doc-uploader/services/zip-extraction/internal/config/config.go:200.62,202.3 1 0
github.com/org-placeholder/doc-uploader/services/zip-extraction/internal/config/config.go:204.2,204.37 1 0
github.com/org-placeholder/doc-uploader/services/zip-extraction/internal/config/config.go:204.37,206.3 1 0
github.com/org-placeholder/doc-uploader/services/zip-extraction/internal/config/config.go:207.2,207.28 1 0
github.com/org-placeholder/doc-uploader/services/zip-extraction/internal/config/config.go:207.28,209.3 1 0
github.com/org-placeholder/doc-uploader/services/zip-extraction/internal/config/config.go:210.2,210.43 1 0
github.com/org-placeholder/doc-uploader/services/zip-extraction/internal/config/config.go:210.43,212.3 1 0
github.com/org-placeholder/doc-uploader/services/zip-extraction/internal/config/config.go:213.2,213.37 1 0
github.com/org-placeholder/doc-uploader/services/zip-extraction/internal/config/config.go:213.37,215.3 1 0
github.com/org-placeholder/doc-uploader/services/zip-extraction/internal/config/config.go:216.2,216.12 1 0
github.com/org-placeholder/doc-uploader/services/zip-extraction/internal/config/config.go:219.45,221.16 2 0
github.com/org-placeholder/doc-uploader/services/zip-extraction/internal/config/config.go:221.16,223.3 1 0
github.com/org-placeholder/doc-uploader/services/zip-extraction/internal/config/config.go:224.2,228.38 4 0
github.com/org-placeholder/doc-uploader/services/zip-extraction/internal/config/config.go:228.38,230.3 1 0
github.com/org-placeholder/doc-uploader/services/zip-extraction/internal/config/config.go:231.2,231.12 1 0
github.com/org-placeholder/doc-uploader/services/zip-extraction/internal/config/config.go:234.44,235.47 1 0
github.com/org-placeholder/doc-uploader/services/zip-extraction/internal/config/config.go:235.47,237.3 1 0
github.com/org-placeholder/doc-uploader/services/zip-extraction/internal/config/config.go:238.2,238.12 1 0
github.com/org-placeholder/doc-uploader/services/zip-extraction/internal/config/config.go:241.52,243.20 2 0
github.com/org-placeholder/doc-uploader/services/zip-extraction/internal/config/config.go:243.20,245.3 1 0
github.com/org-placeholder/doc-uploader/services/zip-extraction/internal/config/config.go:246.2,247.16 2 0
github.com/org-placeholder/doc-uploader/services/zip-extraction/internal/config/config.go:247.16,249.3 1 0
github.com/org-placeholder/doc-uploader/services/zip-extraction/internal/config/config.go:250.2,250.15 1 0
github.com/org-placeholder/doc-uploader/services/zip-extraction/internal/dynamodb/adapter.go:35.71,37.2 1 0
github.com/org-placeholder/doc-uploader/services/zip-extraction/internal/dynamodb/adapter.go:40.87,42.16 2 0
github.com/org-placeholder/doc-uploader/services/zip-extraction/internal/dynamodb/adapter.go:42.16,44.3 1 0
github.com/org-placeholder/doc-uploader/services/zip-extraction/internal/dynamodb/adapter.go:45.2,50.16 2 0
github.com/org-placeholder/doc-uploader/services/zip-extraction/internal/dynamodb/adapter.go:50.16,52.3 1 0
github.com/org-placeholder/doc-uploader/services/zip-extraction/internal/dynamodb/adapter.go:54.2,55.26 2 0
github.com/org-placeholder/doc-uploader/services/zip-extraction/internal/dynamodb/adapter.go:55.26,56.22 1 0
github.com/org-placeholder/doc-uploader/services/zip-extraction/internal/dynamodb/adapter.go:56.22,58.4 1 0
github.com/org-placeholder/doc-uploader/services/zip-extraction/internal/dynamodb/adapter.go:59.3,59.13 1 0
github.com/org-placeholder/doc-uploader/services/zip-extraction/internal/dynamodb/adapter.go:61.2,61.112 1 0
github.com/org-placeholder/doc-uploader/services/zip-extraction/internal/dynamodb/adapter.go:66.87,67.34 1 0
github.com/org-placeholder/doc-uploader/services/zip-extraction/internal/dynamodb/adapter.go:67.34,69.3 1 0
github.com/org-placeholder/doc-uploader/services/zip-extraction/internal/dynamodb/adapter.go:70.2,81.29 2 0
github.com/org-placeholder/doc-uploader/services/zip-extraction/internal/dynamodb/adapter.go:81.29,83.3 1 0
github.com/org-placeholder/doc-uploader/services/zip-extraction/internal/dynamodb/adapter.go:84.2,84.15 1 0
github.com/org-placeholder/doc-uploader/services/zip-extraction/internal/dynamodb/adapter.go:89.88,98.55 9 0
github.com/org-placeholder/doc-uploader/services/zip-extraction/internal/dynamodb/adapter.go:98.55,100.3 1 0
github.com/org-placeholder/doc-uploader/services/zip-extraction/internal/dynamodb/adapter.go:101.2,102.47 2 0
github.com/org-placeholder/doc-uploader/services/zip-extraction/internal/dynamodb/adapter.go:102.47,103.60 1 0
github.com/org-placeholder/doc-uploader/services/zip-extraction/internal/dynamodb/adapter.go:103.60,105.4 1 0
github.com/org-placeholder/doc-uploader/services/zip-extraction/internal/dynamodb/adapter.go:107.2,107.34 1 0
github.com/org-placeholder/doc-uploader/services/zip-extraction/internal/dynamodb/adapter.go:107.34,109.3 1 0
github.com/org-placeholder/doc-uploader/services/zip-extraction/internal/dynamodb/adapter.go:110.2,110.17 1 0
github.com/org-placeholder/doc-uploader/services/zip-extraction/internal/dynamodb/adapter.go:113.72,114.24 1 0
github.com/org-placeholder/doc-uploader/services/zip-extraction/internal/dynamodb/adapter.go:114.24,115.55 1 0
github.com/org-placeholder/doc-uploader/services/zip-extraction/internal/dynamodb/adapter.go:115.55,117.4 1 0
github.com/org-placeholder/doc-uploader/services/zip-extraction/internal/dynamodb/adapter.go:119.2,119.11 1 0
github.com/org-placeholder/doc-uploader/services/zip-extraction/internal/dynamodb/adapter.go:122.81,124.9 2 0
github.com/org-placeholder/doc-uploader/services/zip-extraction/internal/dynamodb/adapter.go:124.9,126.3 1 0
github.com/org-placeholder/doc-uploader/services/zip-extraction/internal/dynamodb/adapter.go:127.2,128.9 2 0
github.com/org-placeholder/doc-uploader/services/zip-extraction/internal/dynamodb/adapter.go:128.9,130.3 1 0
github.com/org-placeholder/doc-uploader/services/zip-extraction/internal/dynamodb/adapter.go:131.2,133.17 3 0
github.com/org-placeholder/doc-uploader/services/zip-extraction/internal/extraction/errors.go:16.43,18.2 1 0
github.com/org-placeholder/doc-uploader/services/zip-extraction/internal/extraction/errors.go:27.46,29.2 1 0
github.com/org-placeholder/doc-uploader/services/zip-extraction/internal/extraction/errors.go:37.50,39.2 1 0
github.com/org-placeholder/doc-uploader/services/zip-extraction/internal/extraction/errors.go:49.41,51.2 1 0
github.com/org-placeholder/doc-uploader/services/zip-extraction/internal/extraction/errors.go:54.41,54.59 1 0
github.com/org-placeholder/doc-uploader/services/zip-extraction/internal/extraction/errors.go:61.41,63.2 1 0
github.com/org-placeholder/doc-uploader/services/zip-extraction/internal/extraction/errors.go:66.41,66.59 1 0
github.com/org-placeholder/doc-uploader/services/zip-extraction/internal/extraction/errors.go:70.57,72.24 2 0
github.com/org-placeholder/doc-uploader/services/zip-extraction/internal/extraction/errors.go:72.24,74.3 1 0
github.com/org-placeholder/doc-uploader/services/zip-extraction/internal/extraction/errors.go:75.2,75.19 1 0
github.com/org-placeholder/doc-uploader/services/zip-extraction/internal/extraction/errors.go:79.63,81.24 2 0
github.com/org-placeholder/doc-uploader/services/zip-extraction/internal/extraction/errors.go:81.24,83.3 1 0
github.com/org-placeholder/doc-uploader/services/zip-extraction/internal/extraction/errors.go:84.2,84.19 1 0
github.com/org-placeholder/doc-uploader/services/zip-extraction/internal/extraction/errors.go:88.71,90.24 2 0
github.com/org-placeholder/doc-uploader/services/zip-extraction/internal/extraction/errors.go:90.24,92.3 1 0
github.com/org-placeholder/doc-uploader/services/zip-extraction/internal/extraction/errors.go:93.2,93.19 1 0
github.com/org-placeholder/doc-uploader/services/zip-extraction/internal/extraction/errors.go:97.53,99.24 2 0
github.com/org-placeholder/doc-uploader/services/zip-extraction/internal/extraction/errors.go:99.24,101.3 1 0
github.com/org-placeholder/doc-uploader/services/zip-extraction/internal/extraction/errors.go:102.2,102.19 1 0
github.com/org-placeholder/doc-uploader/services/zip-extraction/internal/extraction/errors.go:106.53,108.24 2 0
github.com/org-placeholder/doc-uploader/services/zip-extraction/internal/extraction/errors.go:108.24,110.3 1 0
github.com/org-placeholder/doc-uploader/services/zip-extraction/internal/extraction/errors.go:111.2,111.19 1 0
github.com/org-placeholder/doc-uploader/services/zip-extraction/internal/extraction/mime_shim.go:14.61,16.43 2 0
github.com/org-placeholder/doc-uploader/services/zip-extraction/internal/extraction/mime_shim.go:16.43,18.3 1 0
github.com/org-placeholder/doc-uploader/services/zip-extraction/internal/extraction/mime_shim.go:19.2,19.46 1 0
github.com/org-placeholder/doc-uploader/services/zip-extraction/internal/extraction/mime_shim.go:19.46,20.63 1 0
github.com/org-placeholder/doc-uploader/services/zip-extraction/internal/extraction/mime_shim.go:20.63,22.4 1 0
github.com/org-placeholder/doc-uploader/services/zip-extraction/internal/extraction/mime_shim.go:24.2,24.16 1 0
github.com/org-placeholder/doc-uploader/services/zip-extraction/internal/extraction/ports.go:99.36,99.57 1 0
github.com/org-placeholder/doc-uploader/services/zip-extraction/internal/extraction/service.go:24.38,24.69 1 0
github.com/org-placeholder/doc-uploader/services/zip-extraction/internal/extraction/service.go:32.81,55.15 6 0
github.com/org-placeholder/doc-uploader/services/zip-extraction/internal/extraction/service.go:55.15,60.139 3 0
github.com/org-placeholder/doc-uploader/services/zip-extraction/internal/extraction/service.go:60.139,63.4 2 0
github.com/org-placeholder/doc-uploader/services/zip-extraction/internal/extraction/service.go:64.3,65.65 2 0
github.com/org-placeholder/doc-uploader/services/zip-extraction/internal/extraction/service.go:69.2,70.16 2 0
github.com/org-placeholder/doc-uploader/services/zip-extraction/internal/extraction/service.go:70.16,74.3 3 0
github.com/org-placeholder/doc-uploader/services/zip-extraction/internal/extraction/service.go:75.2,80.16 3 0
github.com/org-placeholder/doc-uploader/services/zip-extraction/internal/extraction/service.go:80.16,85.3 4 0
github.com/org-placeholder/doc-uploader/services/zip-extraction/internal/extraction/service.go:86.2,90.16 3 0
github.com/org-placeholder/doc-uploader/services/zip-extraction/internal/extraction/service.go:90.16,92.27 2 0
github.com/org-placeholder/doc-uploader/services/zip-extraction/internal/extraction/service.go:92.27,95.4 2 0
github.com/org-placeholder/doc-uploader/services/zip-extraction/internal/extraction/service.go:95.9,98.4 2 0
github.com/org-placeholder/doc-uploader/services/zip-extraction/internal/extraction/service.go:99.3,99.105 1 0
github.com/org-placeholder/doc-uploader/services/zip-extraction/internal/extraction/service.go:103.2,103.59 1 0
github.com/org-placeholder/doc-uploader/services/zip-extraction/internal/extraction/service.go:103.59,105.40 2 0
github.com/org-placeholder/doc-uploader/services/zip-extraction/internal/extraction/service.go:105.40,113.4 3 0
github.com/org-placeholder/doc-uploader/services/zip-extraction/internal/extraction/service.go:113.9,115.4 1 0
github.com/org-placeholder/doc-uploader/services/zip-extraction/internal/extraction/service.go:116.3,117.105 2 0
github.com/org-placeholder/doc-uploader/services/zip-extraction/internal/extraction/service.go:121.2,121.33 1 0
github.com/org-placeholder/doc-uploader/services/zip-extraction/internal/extraction/service.go:121.33,122.42 1 0
github.com/org-placeholder/doc-uploader/services/zip-extraction/internal/extraction/service.go:122.42,124.48 1 0
github.com/org-placeholder/doc-uploader/services/zip-extraction/internal/extraction/service.go:124.48,128.5 3 0
github.com/org-placeholder/doc-uploader/services/zip-extraction/internal/extraction/service.go:128.10,129.25 1 0
github.com/org-placeholder/doc-uploader/services/zip-extraction/internal/extraction/service.go:129.25,132.6 2 0
github.com/org-placeholder/doc-uploader/services/zip-extraction/internal/extraction/service.go:132.11,134.6 1 0
github.com/org-placeholder/doc-uploader/services/zip-extraction/internal/extraction/service.go:135.5,135.37 1 0
github.com/org-placeholder/doc-uploader/services/zip-extraction/internal/extraction/service.go:137.4,138.132 2 0
github.com/org-placeholder/doc-uploader/services/zip-extraction/internal/extraction/service.go:141.3,143.49 3 0
github.com/org-placeholder/doc-uploader/services/zip-extraction/internal/extraction/service.go:143.49,145.4 1 0
github.com/org-placeholder/doc-uploader/services/zip-extraction/internal/extraction/service.go:146.3,147.19 2 0
github.com/org-placeholder/doc-uploader/services/zip-extraction/internal/extraction/service.go:147.19,152.4 4 0
github.com/org-placeholder/doc-uploader/services/zip-extraction/internal/extraction/service.go:156.2,157.42 2 0
github.com/org-placeholder/doc-uploader/services/zip-extraction/internal/extraction/service.go:157.42,160.3 2 0
github.com/org-placeholder/doc-uploader/services/zip-extraction/internal/extraction/service.go:161.2,166.8 1 0
github.com/org-placeholder/doc-uploader/services/zip-extraction/internal/extraction/service.go:177.32,183.16 4 0
github.com/org-placeholder/doc-uploader/services/zip-extraction/internal/extraction/service.go:183.16,185.27 2 0
github.com/org-placeholder/doc-uploader/services/zip-extraction/internal/extraction/service.go:185.27,193.4 4 0
github.com/org-placeholder/doc-uploader/services/zip-extraction/internal/extraction/service.go:194.3,195.32 2 0
github.com/org-placeholder/doc-uploader/services/zip-extraction/internal/extraction/service.go:197.2,209.66 3 0
github.com/org-placeholder/doc-uploader/services/zip-extraction/internal/extraction/service.go:209.66,210.40 1 0
github.com/org-placeholder/doc-uploader/services/zip-extraction/internal/extraction/service.go:210.40,218.4 4 0
github.com/org-placeholder/doc-uploader/services/zip-extraction/internal/extraction/service.go:219.3,220.32 2 0
github.com/org-placeholder/doc-uploader/services/zip-extraction/internal/extraction/service.go:224.2,225.16 2 0
github.com/org-placeholder/doc-uploader/services/zip-extraction/internal/extraction/service.go:225.16,228.3 2 0
github.com/org-placeholder/doc-uploader/services/zip-extraction/internal/extraction/service.go:229.2,237.16 5 0
github.com/org-placeholder/doc-uploader/services/zip-extraction/internal/extraction/service.go:237.16,240.3 2 0
github.com/org-placeholder/doc-uploader/services/zip-extraction/internal/extraction/service.go:242.2,249.68 5 0
github.com/org-placeholder/doc-uploader/services/zip-extraction/internal/extraction/service.go:249.68,258.3 1 0
github.com/org-placeholder/doc-uploader/services/zip-extraction/internal/extraction/service.go:259.2,259.22 1 0
github.com/org-placeholder/doc-uploader/services/zip-extraction/internal/extraction/service.go:259.22,261.46 1 0
github.com/org-placeholder/doc-uploader/services/zip-extraction/internal/extraction/service.go:261.46,269.4 4 0
github.com/org-placeholder/doc-uploader/services/zip-extraction/internal/extraction/service.go:270.3,272.24 3 0
github.com/org-placeholder/doc-uploader/services/zip-extraction/internal/extraction/service.go:276.2,278.68 3 0
github.com/org-placeholder/doc-uploader/services/zip-extraction/internal/extraction/service.go:278.68,290.3 1 0
github.com/org-placeholder/doc-uploader/services/zip-extraction/internal/extraction/service.go:291.2,291.22 1 0
github.com/org-placeholder/doc-uploader/services/zip-extraction/internal/extraction/service.go:291.22,297.3 4 0
github.com/org-placeholder/doc-uploader/services/zip-extraction/internal/extraction/service.go:299.2,300.23 2 0
github.com/org-placeholder/doc-uploader/services/zip-extraction/internal/extraction/service.go:303.101,314.62 2 0
github.com/org-placeholder/doc-uploader/services/zip-extraction/internal/extraction/service.go:314.62,319.3 1 0
github.com/org-placeholder/doc-uploader/services/zip-extraction/internal/extraction/service.go:323.66,324.46 1 0
github.com/org-placeholder/doc-uploader/services/zip-extraction/internal/extraction/service.go:324.46,326.3 1 0
github.com/org-placeholder/doc-uploader/services/zip-extraction/internal/extraction/service.go:327.2,327.38 1 0
github.com/org-placeholder/doc-uploader/services/zip-extraction/internal/extraction/service.go:327.38,329.3 1 0
github.com/org-placeholder/doc-uploader/services/zip-extraction/internal/extraction/service.go:330.2,330.35 1 0
github.com/org-placeholder/doc-uploader/services/zip-extraction/internal/extraction/service.go:330.35,332.3 1 0
github.com/org-placeholder/doc-uploader/services/zip-extraction/internal/extraction/service.go:333.2,333.35 1 0
github.com/org-placeholder/doc-uploader/services/zip-extraction/internal/extraction/service.go:333.35,335.3 1 0
github.com/org-placeholder/doc-uploader/services/zip-extraction/internal/extraction/service.go:336.2,336.63 1 0
github.com/org-placeholder/doc-uploader/services/zip-extraction/internal/extraction/service.go:340.45,341.36 1 0
github.com/org-placeholder/doc-uploader/services/zip-extraction/internal/extraction/service.go:341.36,344.3 2 0
github.com/org-placeholder/doc-uploader/services/zip-extraction/internal/extraction/service.go:345.2,345.36 1 0
github.com/org-placeholder/doc-uploader/services/zip-extraction/internal/extraction/service.go:345.36,347.3 1 0
github.com/org-placeholder/doc-uploader/services/zip-extraction/internal/extraction/service.go:348.2,348.20 1 0
github.com/org-placeholder/doc-uploader/services/zip-extraction/internal/extraction/service.go:352.51,353.23 1 0
github.com/org-placeholder/doc-uploader/services/zip-extraction/internal/extraction/service.go:353.23,355.3 1 0
github.com/org-placeholder/doc-uploader/services/zip-extraction/internal/extraction/service.go:356.2,357.28 2 0
github.com/org-placeholder/doc-uploader/services/zip-extraction/internal/extraction/service.go:357.28,358.38 1 0
github.com/org-placeholder/doc-uploader/services/zip-extraction/internal/extraction/service.go:358.38,360.4 1 0
github.com/org-placeholder/doc-uploader/services/zip-extraction/internal/extraction/service.go:360.9,362.4 1 0
github.com/org-placeholder/doc-uploader/services/zip-extraction/internal/extraction/service.go:364.2,364.9 1 0
github.com/org-placeholder/doc-uploader/services/zip-extraction/internal/extraction/service.go:365.26,366.23 1 0
github.com/org-placeholder/doc-uploader/services/zip-extraction/internal/extraction/service.go:367.26,368.29 1 0
github.com/org-placeholder/doc-uploader/services/zip-extraction/internal/extraction/service.go:369.10,370.22 1 0
github.com/org-placeholder/doc-uploader/services/zip-extraction/internal/extraction/service.go:375.68,377.2 1 0
github.com/org-placeholder/doc-uploader/services/zip-extraction/internal/extraction/service.go:379.45,381.2 1 0
github.com/org-placeholder/doc-uploader/services/zip-extraction/internal/extraction/service.go:383.39,384.17 1 0
github.com/org-placeholder/doc-uploader/services/zip-extraction/internal/extraction/service.go:384.17,386.3 1 0
github.com/org-placeholder/doc-uploader/services/zip-extraction/internal/extraction/service.go:387.2,387.22 1 0
github.com/org-placeholder/doc-uploader/services/zip-extraction/internal/extraction/service.go:390.57,391.18 1 0
github.com/org-placeholder/doc-uploader/services/zip-extraction/internal/extraction/service.go:391.18,393.3 1 0
github.com/org-placeholder/doc-uploader/services/zip-extraction/internal/extraction/service.go:394.2,394.24 1 0
github.com/org-placeholder/doc-uploader/services/zip-extraction/internal/extraction/types.go:28.33,29.11 1 0
github.com/org-placeholder/doc-uploader/services/zip-extraction/internal/extraction/types.go:30.21,31.19 1 0
github.com/org-placeholder/doc-uploader/services/zip-extraction/internal/extraction/types.go:32.27,33.26 1 0
github.com/org-placeholder/doc-uploader/services/zip-extraction/internal/extraction/types.go:34.20,35.18 1 0
github.com/org-placeholder/doc-uploader/services/zip-extraction/internal/extraction/types.go:36.10,37.19 1 0
github.com/org-placeholder/doc-uploader/services/zip-extraction/internal/extraction/zip_open.go:15.77,16.15 1 0
github.com/org-placeholder/doc-uploader/services/zip-extraction/internal/extraction/zip_open.go:16.15,18.17 2 0
github.com/org-placeholder/doc-uploader/services/zip-extraction/internal/extraction/zip_open.go:18.17,20.4 1 0
github.com/org-placeholder/doc-uploader/services/zip-extraction/internal/extraction/zip_open.go:21.3,21.19 1 0
github.com/org-placeholder/doc-uploader/services/zip-extraction/internal/extraction/zip_open.go:23.2,24.16 2 0
github.com/org-placeholder/doc-uploader/services/zip-extraction/internal/extraction/zip_open.go:24.16,26.3 1 0
github.com/org-placeholder/doc-uploader/services/zip-extraction/internal/extraction/zip_open.go:30.2,31.16 2 0
github.com/org-placeholder/doc-uploader/services/zip-extraction/internal/extraction/zip_open.go:31.16,34.3 2 0
github.com/org-placeholder/doc-uploader/services/zip-extraction/internal/extraction/zip_open.go:36.2,38.29 3 0
github.com/org-placeholder/doc-uploader/services/zip-extraction/internal/extraction/zip_open.go:38.29,42.45 2 0
github.com/org-placeholder/doc-uploader/services/zip-extraction/internal/extraction/zip_open.go:42.45,44.4 1 0
github.com/org-placeholder/doc-uploader/services/zip-extraction/internal/extraction/zip_open.go:45.3,45.32 1 0
github.com/org-placeholder/doc-uploader/services/zip-extraction/internal/extraction/zip_open.go:45.32,47.4 1 0
github.com/org-placeholder/doc-uploader/services/zip-extraction/internal/extraction/zip_open.go:48.3,48.28 1 0
github.com/org-placeholder/doc-uploader/services/zip-extraction/internal/extraction/zip_open.go:48.28,50.4 1 0
github.com/org-placeholder/doc-uploader/services/zip-extraction/internal/extraction/zip_open.go:51.3,51.29 1 0
github.com/org-placeholder/doc-uploader/services/zip-extraction/internal/extraction/zip_open.go:51.29,53.4 1 0
github.com/org-placeholder/doc-uploader/services/zip-extraction/internal/extraction/zip_open.go:56.2,56.20 1 0
github.com/org-placeholder/doc-uploader/services/zip-extraction/internal/extraction/zip_open.go:56.20,59.3 2 0
github.com/org-placeholder/doc-uploader/services/zip-extraction/internal/extraction/zip_open.go:60.2,60.30 1 0
github.com/org-placeholder/doc-uploader/services/zip-extraction/internal/extraction/zip_open.go:60.30,63.3 2 0
github.com/org-placeholder/doc-uploader/services/zip-extraction/internal/extraction/zip_open.go:69.2,69.22 1 0
github.com/org-placeholder/doc-uploader/services/zip-extraction/internal/extraction/zip_open.go:75.65,77.16 2 0
github.com/org-placeholder/doc-uploader/services/zip-extraction/internal/extraction/zip_open.go:77.16,79.3 1 0
github.com/org-placeholder/doc-uploader/services/zip-extraction/internal/extraction/zip_open.go:80.2,81.44 2 0
github.com/org-placeholder/doc-uploader/services/zip-extraction/internal/extraction/zip_open.go:81.44,84.3 2 0
github.com/org-placeholder/doc-uploader/services/zip-extraction/internal/extraction/zip_open.go:85.2,85.22 1 0
github.com/org-placeholder/doc-uploader/services/zip-extraction/internal/extraction/zip_open.go:97.59,100.83 3 0
github.com/org-placeholder/doc-uploader/services/zip-extraction/internal/extraction/zip_open.go:100.83,102.3 1 0
github.com/org-placeholder/doc-uploader/services/zip-extraction/internal/extraction/zip_open.go:103.2,106.84 2 0
github.com/org-placeholder/doc-uploader/services/zip-extraction/internal/extraction/zip_open.go:111.49,112.17 1 0
github.com/org-placeholder/doc-uploader/services/zip-extraction/internal/extraction/zip_open.go:112.17,114.3 1 0
github.com/org-placeholder/doc-uploader/services/zip-extraction/internal/extraction/zip_open.go:115.2,116.17 2 0
github.com/org-placeholder/doc-uploader/services/zip-extraction/internal/extraction/zip_open.go:116.17,118.3 1 0
github.com/org-placeholder/doc-uploader/services/zip-extraction/internal/extraction/zip_open.go:119.2,119.15 1 0
github.com/org-placeholder/doc-uploader/services/zip-extraction/internal/extraction/zip_open.go:124.58,126.2 1 0
github.com/org-placeholder/doc-uploader/services/zip-extraction/internal/health/server.go:23.22,23.40 1 4
github.com/org-placeholder/doc-uploader/services/zip-extraction/internal/health/server.go:26.33,26.53 1 6
github.com/org-placeholder/doc-uploader/services/zip-extraction/internal/health/server.go:29.29,29.54 1 4
github.com/org-placeholder/doc-uploader/services/zip-extraction/internal/health/server.go:40.71,42.79 2 0
github.com/org-placeholder/doc-uploader/services/zip-extraction/internal/health/server.go:42.79,45.3 2 0
github.com/org-placeholder/doc-uploader/services/zip-extraction/internal/health/server.go:46.2,46.80 1 0
github.com/org-placeholder/doc-uploader/services/zip-extraction/internal/health/server.go:46.80,48.20 2 0
github.com/org-placeholder/doc-uploader/services/zip-extraction/internal/health/server.go:48.20,52.4 3 0
github.com/org-placeholder/doc-uploader/services/zip-extraction/internal/health/server.go:53.3,53.44 1 0
github.com/org-placeholder/doc-uploader/services/zip-extraction/internal/health/server.go:55.2,55.16 1 0
github.com/org-placeholder/doc-uploader/services/zip-extraction/internal/health/server.go:55.16,57.3 1 0
github.com/org-placeholder/doc-uploader/services/zip-extraction/internal/health/server.go:58.2,71.3 2 0
github.com/org-placeholder/doc-uploader/services/zip-extraction/internal/health/server.go:76.51,78.12 2 0
github.com/org-placeholder/doc-uploader/services/zip-extraction/internal/health/server.go:78.12,80.58 2 0
github.com/org-placeholder/doc-uploader/services/zip-extraction/internal/health/server.go:80.58,83.4 2 0
github.com/org-placeholder/doc-uploader/services/zip-extraction/internal/health/server.go:84.3,84.15 1 0
github.com/org-placeholder/doc-uploader/services/zip-extraction/internal/health/server.go:86.2,86.9 1 0
github.com/org-placeholder/doc-uploader/services/zip-extraction/internal/health/server.go:87.20,92.13 5 0
github.com/org-placeholder/doc-uploader/services/zip-extraction/internal/health/server.go:93.22,94.13 1 0
github.com/org-placeholder/doc-uploader/services/zip-extraction/internal/health/server.go:99.54,101.2 1 0
github.com/org-placeholder/doc-uploader/services/zip-extraction/internal/log/logger.go:47.54,49.16 2 0
github.com/org-placeholder/doc-uploader/services/zip-extraction/internal/log/logger.go:49.16,51.3 1 0
github.com/org-placeholder/doc-uploader/services/zip-extraction/internal/log/logger.go:53.2,54.37 2 0
github.com/org-placeholder/doc-uploader/services/zip-extraction/internal/log/logger.go:55.17,57.70 2 0
github.com/org-placeholder/doc-uploader/services/zip-extraction/internal/log/logger.go:58.18,59.37 1 0
github.com/org-placeholder/doc-uploader/services/zip-extraction/internal/log/logger.go:60.10,61.87 1 0
github.com/org-placeholder/doc-uploader/services/zip-extraction/internal/log/logger.go:63.2,72.16 6 0
github.com/org-placeholder/doc-uploader/services/zip-extraction/internal/log/logger.go:72.16,74.3 1 0
github.com/org-placeholder/doc-uploader/services/zip-extraction/internal/log/logger.go:75.2,75.31 1 0
github.com/org-placeholder/doc-uploader/services/zip-extraction/internal/log/logger.go:80.32,82.2 1 4
github.com/org-placeholder/doc-uploader/services/zip-extraction/internal/log/logger.go:88.50,89.22 1 0
github.com/org-placeholder/doc-uploader/services/zip-extraction/internal/log/logger.go:89.22,91.3 1 0
github.com/org-placeholder/doc-uploader/services/zip-extraction/internal/log/logger.go:92.2,92.60 1 0
github.com/org-placeholder/doc-uploader/services/zip-extraction/internal/log/logger.go:95.55,97.2 1 7
github.com/org-placeholder/doc-uploader/services/zip-extraction/internal/log/logger.go:99.55,101.2 1 0
github.com/org-placeholder/doc-uploader/services/zip-extraction/internal/log/logger.go:103.56,105.2 1 2
github.com/org-placeholder/doc-uploader/services/zip-extraction/internal/log/logger.go:107.56,109.2 1 0
github.com/org-placeholder/doc-uploader/services/zip-extraction/internal/log/logger.go:111.34,114.35 1 0
github.com/org-placeholder/doc-uploader/services/zip-extraction/internal/log/logger.go:114.35,115.30 1 0
github.com/org-placeholder/doc-uploader/services/zip-extraction/internal/log/logger.go:115.30,117.4 1 0
github.com/org-placeholder/doc-uploader/services/zip-extraction/internal/log/logger.go:118.3,119.13 2 0
github.com/org-placeholder/doc-uploader/services/zip-extraction/internal/log/logger.go:121.2,121.12 1 0
github.com/org-placeholder/doc-uploader/services/zip-extraction/internal/log/logger.go:135.46,136.22 1 9
github.com/org-placeholder/doc-uploader/services/zip-extraction/internal/log/logger.go:136.22,138.3 1 4
github.com/org-placeholder/doc-uploader/services/zip-extraction/internal/log/logger.go:139.2,140.27 2 5
github.com/org-placeholder/doc-uploader/services/zip-extraction/internal/log/logger.go:140.27,141.28 1 5
github.com/org-placeholder/doc-uploader/services/zip-extraction/internal/log/logger.go:141.28,143.4 1 0
github.com/org-placeholder/doc-uploader/services/zip-extraction/internal/log/logger.go:143.9,145.4 1 5
github.com/org-placeholder/doc-uploader/services/zip-extraction/internal/log/logger.go:147.2,147.12 1 5
github.com/org-placeholder/doc-uploader/services/zip-extraction/internal/log/logger.go:152.38,154.2 1 0
github.com/org-placeholder/doc-uploader/services/zip-extraction/internal/log/logger.go:156.38,158.41 2 5
github.com/org-placeholder/doc-uploader/services/zip-extraction/internal/log/logger.go:158.41,159.30 1 50
github.com/org-placeholder/doc-uploader/services/zip-extraction/internal/log/logger.go:159.30,161.4 1 0
github.com/org-placeholder/doc-uploader/services/zip-extraction/internal/log/logger.go:163.2,163.14 1 5
github.com/org-placeholder/doc-uploader/services/zip-extraction/internal/log/logger.go:168.41,171.2 2 0
github.com/org-placeholder/doc-uploader/services/zip-extraction/internal/metrics/metrics.go:25.46,72.2 3 0
github.com/org-placeholder/doc-uploader/services/zip-extraction/internal/metrics/metrics.go:75.49,77.2 1 0
github.com/org-placeholder/doc-uploader/services/zip-extraction/internal/metrics/metrics.go:80.71,82.2 1 0
github.com/org-placeholder/doc-uploader/services/zip-extraction/internal/metrics/metrics.go:85.52,87.2 1 0
github.com/org-placeholder/doc-uploader/services/zip-extraction/internal/metrics/metrics.go:90.43,92.2 1 0
github.com/org-placeholder/doc-uploader/services/zip-extraction/internal/metrics/metrics.go:95.43,97.2 1 0
github.com/org-placeholder/doc-uploader/services/zip-extraction/internal/metrics/metrics.go:100.36,100.63 1 0
github.com/org-placeholder/doc-uploader/services/zip-extraction/internal/metrics/metrics.go:103.36,103.63 1 0
github.com/org-placeholder/doc-uploader/services/zip-extraction/internal/metrics/metrics.go:106.43,106.72 1 0
github.com/org-placeholder/doc-uploader/services/zip-extraction/internal/metrics/metrics.go:108.25,109.12 1 0
github.com/org-placeholder/doc-uploader/services/zip-extraction/internal/metrics/metrics.go:109.12,111.3 1 0
github.com/org-placeholder/doc-uploader/services/zip-extraction/internal/metrics/metrics.go:112.2,113.9 2 0
github.com/org-placeholder/doc-uploader/services/zip-extraction/internal/metrics/metrics.go:113.9,115.3 1 0
github.com/org-placeholder/doc-uploader/services/zip-extraction/internal/metrics/metrics.go:116.2,118.12 3 0
github.com/org-placeholder/doc-uploader/services/zip-extraction/internal/metrics/metrics.go:118.12,122.3 3 0
github.com/org-placeholder/doc-uploader/services/zip-extraction/internal/metrics/metrics.go:123.2,123.9 1 0
github.com/org-placeholder/doc-uploader/services/zip-extraction/internal/metrics/metrics.go:123.9,126.3 2 0
github.com/org-placeholder/doc-uploader/services/zip-extraction/internal/metrics/metrics.go:127.2,127.24 1 0
github.com/org-placeholder/doc-uploader/services/zip-extraction/internal/retry/retry.go:41.109,43.2 1 0
github.com/org-placeholder/doc-uploader/services/zip-extraction/internal/retry/retry.go:48.85,50.59 2 0
github.com/org-placeholder/doc-uploader/services/zip-extraction/internal/retry/retry.go:50.59,51.35 1 0
github.com/org-placeholder/doc-uploader/services/zip-extraction/internal/retry/retry.go:51.35,53.4 1 0
github.com/org-placeholder/doc-uploader/services/zip-extraction/internal/retry/retry.go:54.3,55.17 2 0
github.com/org-placeholder/doc-uploader/services/zip-extraction/internal/retry/retry.go:55.17,57.4 1 0
github.com/org-placeholder/doc-uploader/services/zip-extraction/internal/retry/retry.go:58.3,58.24 1 0
github.com/org-placeholder/doc-uploader/services/zip-extraction/internal/retry/retry.go:58.24,60.4 1 0
github.com/org-placeholder/doc-uploader/services/zip-extraction/internal/retry/retry.go:61.3,63.37 2 0
github.com/org-placeholder/doc-uploader/services/zip-extraction/internal/retry/retry.go:63.37,64.9 1 0
github.com/org-placeholder/doc-uploader/services/zip-extraction/internal/retry/retry.go:66.3,67.22 2 0
github.com/org-placeholder/doc-uploader/services/zip-extraction/internal/retry/retry.go:67.22,74.4 1 0
github.com/org-placeholder/doc-uploader/services/zip-extraction/internal/retry/retry.go:75.3,75.10 1 0
github.com/org-placeholder/doc-uploader/services/zip-extraction/internal/retry/retry.go:76.21,77.20 1 0
github.com/org-placeholder/doc-uploader/services/zip-extraction/internal/retry/retry.go:78.27,78.27 0 0
github.com/org-placeholder/doc-uploader/services/zip-extraction/internal/retry/retry.go:81.2,81.51 1 0
github.com/org-placeholder/doc-uploader/services/zip-extraction/internal/retry/retry.go:84.61,90.2 4 0
github.com/org-placeholder/doc-uploader/services/zip-extraction/internal/retry/retry.go:100.84,104.13 4 0
github.com/org-placeholder/doc-uploader/services/zip-extraction/internal/retry/retry.go:104.13,106.3 1 0
github.com/org-placeholder/doc-uploader/services/zip-extraction/internal/retry/retry.go:107.2,107.55 1 0
github.com/org-placeholder/doc-uploader/services/zip-extraction/internal/retry/retry.go:114.57,115.16 1 0
github.com/org-placeholder/doc-uploader/services/zip-extraction/internal/retry/retry.go:115.16,117.3 1 0
github.com/org-placeholder/doc-uploader/services/zip-extraction/internal/retry/retry.go:120.2,120.48 1 0
github.com/org-placeholder/doc-uploader/services/zip-extraction/internal/retry/retry.go:120.48,122.3 1 0
github.com/org-placeholder/doc-uploader/services/zip-extraction/internal/retry/retry.go:123.2,123.51 1 0
github.com/org-placeholder/doc-uploader/services/zip-extraction/internal/retry/retry.go:123.51,125.3 1 0
github.com/org-placeholder/doc-uploader/services/zip-extraction/internal/retry/retry.go:126.2,126.55 1 0
github.com/org-placeholder/doc-uploader/services/zip-extraction/internal/retry/retry.go:126.55,128.3 1 0
github.com/org-placeholder/doc-uploader/services/zip-extraction/internal/retry/retry.go:129.2,129.46 1 0
github.com/org-placeholder/doc-uploader/services/zip-extraction/internal/retry/retry.go:129.46,131.3 1 0
github.com/org-placeholder/doc-uploader/services/zip-extraction/internal/retry/retry.go:132.2,132.47 1 0
github.com/org-placeholder/doc-uploader/services/zip-extraction/internal/retry/retry.go:132.47,134.3 1 0
github.com/org-placeholder/doc-uploader/services/zip-extraction/internal/retry/retry.go:137.2,138.29 2 0
github.com/org-placeholder/doc-uploader/services/zip-extraction/internal/retry/retry.go:138.29,140.15 2 0
github.com/org-placeholder/doc-uploader/services/zip-extraction/internal/retry/retry.go:147.15,148.52 1 0
github.com/org-placeholder/doc-uploader/services/zip-extraction/internal/retry/retry.go:150.30,151.49 1 0
github.com/org-placeholder/doc-uploader/services/zip-extraction/internal/retry/retry.go:156.2,159.30 2 0
github.com/org-placeholder/doc-uploader/services/zip-extraction/internal/retry/retry.go:159.30,161.10 2 0
github.com/org-placeholder/doc-uploader/services/zip-extraction/internal/retry/retry.go:162.29,163.45 1 0
github.com/org-placeholder/doc-uploader/services/zip-extraction/internal/retry/retry.go:164.29,165.20 1 0
github.com/org-placeholder/doc-uploader/services/zip-extraction/internal/retry/retry.go:172.2,172.46 1 0
github.com/org-placeholder/doc-uploader/services/zip-extraction/internal/retry/retry.go:172.46,174.3 1 0
github.com/org-placeholder/doc-uploader/services/zip-extraction/internal/retry/retry.go:177.2,178.28 2 0
github.com/org-placeholder/doc-uploader/services/zip-extraction/internal/retry/retry.go:178.28,180.3 1 0
github.com/org-placeholder/doc-uploader/services/zip-extraction/internal/retry/retry.go:181.2,182.51 2 0
github.com/org-placeholder/doc-uploader/services/zip-extraction/internal/retry/retry.go:182.51,184.3 1 0
github.com/org-placeholder/doc-uploader/services/zip-extraction/internal/retry/retry.go:187.2,187.96 1 0
github.com/org-placeholder/doc-uploader/services/zip-extraction/internal/retry/retry.go:187.96,189.3 1 0
github.com/org-placeholder/doc-uploader/services/zip-extraction/internal/retry/retry.go:191.2,191.18 1 0
github.com/org-placeholder/doc-uploader/services/zip-extraction/internal/retry/retry.go:195.34,198.2 2 0
github.com/org-placeholder/doc-uploader/services/zip-extraction/internal/retry/retry.go:203.35,204.16 1 0
github.com/org-placeholder/doc-uploader/services/zip-extraction/internal/retry/retry.go:204.16,206.3 1 0
github.com/org-placeholder/doc-uploader/services/zip-extraction/internal/retry/retry.go:207.2,208.16 2 0
github.com/org-placeholder/doc-uploader/services/zip-extraction/internal/retry/retry.go:208.16,210.3 1 0
github.com/org-placeholder/doc-uploader/services/zip-extraction/internal/retry/retry.go:211.2,211.61 1 0
github.com/org-placeholder/doc-uploader/services/zip-extraction/internal/slipsheet/slipsheet.go:53.13,63.28 2 0
github.com/org-placeholder/doc-uploader/services/zip-extraction/internal/slipsheet/slipsheet.go:63.28,71.3 1 0
github.com/org-placeholder/doc-uploader/services/zip-extraction/internal/slipsheet/slipsheet.go:72.2,72.46 1 0
github.com/org-placeholder/doc-uploader/services/zip-extraction/internal/slipsheet/slipsheet.go:72.46,74.3 1 0
github.com/org-placeholder/doc-uploader/services/zip-extraction/internal/slipsheet/slipsheet.go:75.2,76.11 2 0
github.com/org-placeholder/doc-uploader/services/zip-extraction/internal/slipsheet/slipsheet.go:80.44,82.16 2 0
github.com/org-placeholder/doc-uploader/services/zip-extraction/internal/slipsheet/slipsheet.go:82.16,84.3 1 0
github.com/org-placeholder/doc-uploader/services/zip-extraction/internal/slipsheet/slipsheet.go:85.2,85.15 1 0
github.com/org-placeholder/doc-uploader/services/zip-extraction/internal/slipsheet/slipsheet.go:89.45,91.47 2 0
github.com/org-placeholder/doc-uploader/services/zip-extraction/internal/slipsheet/slipsheet.go:91.47,93.3 1 0
github.com/org-placeholder/doc-uploader/services/zip-extraction/internal/slipsheet/slipsheet.go:94.2,94.16 1 0
github.com/org-placeholder/doc-uploader/services/zip-extraction/internal/slipsheet/slipsheet.go:106.79,107.18 1 0
github.com/org-placeholder/doc-uploader/services/zip-extraction/internal/slipsheet/slipsheet.go:107.18,109.3 1 0
github.com/org-placeholder/doc-uploader/services/zip-extraction/internal/slipsheet/slipsheet.go:110.2,110.68 1 0
github.com/org-placeholder/doc-uploader/services/zip-extraction/internal/slipsheet/slipsheet.go:121.9,124.16 3 0
github.com/org-placeholder/doc-uploader/services/zip-extraction/internal/slipsheet/slipsheet.go:124.16,126.3 1 0
github.com/org-placeholder/doc-uploader/services/zip-extraction/internal/slipsheet/slipsheet.go:127.2,128.97 2 0
github.com/org-placeholder/doc-uploader/services/zip-extraction/internal/slipsheet/util.go:9.38,9.67 1 0
github.com/org-placeholder/doc-uploader/services/zip-extraction/internal/sqs/adapter.go:49.103,51.2 1 0
github.com/org-placeholder/doc-uploader/services/zip-extraction/internal/sqs/adapter.go:55.74,61.12 4 0
github.com/org-placeholder/doc-uploader/services/zip-extraction/internal/sqs/adapter.go:61.12,64.3 2 0
github.com/org-placeholder/doc-uploader/services/zip-extraction/internal/sqs/adapter.go:66.2,66.6 1 0
github.com/org-placeholder/doc-uploader/services/zip-extraction/internal/sqs/adapter.go:66.6,67.42 1 0
github.com/org-placeholder/doc-uploader/services/zip-extraction/internal/sqs/adapter.go:67.42,68.9 1 0
github.com/org-placeholder/doc-uploader/services/zip-extraction/internal/sqs/adapter.go:70.3,76.17 2 0
github.com/org-placeholder/doc-uploader/services/zip-extraction/internal/sqs/adapter.go:76.17,77.84 1 0
github.com/org-placeholder/doc-uploader/services/zip-extraction/internal/sqs/adapter.go:77.84,78.10 1 0
github.com/org-placeholder/doc-uploader/services/zip-extraction/internal/sqs/adapter.go:80.4,81.11 2 0
github.com/org-placeholder/doc-uploader/services/zip-extraction/internal/sqs/adapter.go:82.29,83.15 1 0
github.com/org-placeholder/doc-uploader/services/zip-extraction/internal/sqs/adapter.go:84.39,84.39 0 0
github.com/org-placeholder/doc-uploader/services/zip-extraction/internal/sqs/adapter.go:86.4,86.12 1 0
github.com/org-placeholder/doc-uploader/services/zip-extraction/internal/sqs/adapter.go:88.3,88.34 1 0
github.com/org-placeholder/doc-uploader/services/zip-extraction/internal/sqs/adapter.go:88.34,90.11 2 0
github.com/org-placeholder/doc-uploader/services/zip-extraction/internal/sqs/adapter.go:91.29,91.29 0 0
github.com/org-placeholder/doc-uploader/services/zip-extraction/internal/sqs/adapter.go:92.29,93.15 1 0
github.com/org-placeholder/doc-uploader/services/zip-extraction/internal/sqs/adapter.go:95.4,96.14 2 0
github.com/org-placeholder/doc-uploader/services/zip-extraction/internal/sqs/adapter.go:96.14,98.18 2 0
github.com/org-placeholder/doc-uploader/services/zip-extraction/internal/sqs/adapter.go:98.18,98.29 1 0
github.com/org-placeholder/doc-uploader/services/zip-extraction/internal/sqs/adapter.go:99.5,99.32 1 0
github.com/org-placeholder/doc-uploader/services/zip-extraction/internal/sqs/adapter.go:105.2,109.12 3 0
github.com/org-placeholder/doc-uploader/services/zip-extraction/internal/sqs/adapter.go:109.12,112.3 2 0
github.com/org-placeholder/doc-uploader/services/zip-extraction/internal/sqs/adapter.go:113.2,113.9 1 0
github.com/org-placeholder/doc-uploader/services/zip-extraction/internal/sqs/adapter.go:114.14,115.61 1 0
github.com/org-placeholder/doc-uploader/services/zip-extraction/internal/sqs/adapter.go:116.83,117.98 1 0
github.com/org-placeholder/doc-uploader/services/zip-extraction/internal/sqs/adapter.go:119.2,119.12 1 0
github.com/org-placeholder/doc-uploader/services/zip-extraction/internal/sqs/adapter.go:122.97,123.15 1 0
github.com/org-placeholder/doc-uploader/services/zip-extraction/internal/sqs/adapter.go:123.15,124.31 1 0
github.com/org-placeholder/doc-uploader/services/zip-extraction/internal/sqs/adapter.go:124.31,130.4 1 0
github.com/org-placeholder/doc-uploader/services/zip-extraction/internal/sqs/adapter.go:136.2,143.16 5 0
github.com/org-placeholder/doc-uploader/services/zip-extraction/internal/sqs/adapter.go:143.16,153.3 5 0
github.com/org-placeholder/doc-uploader/services/zip-extraction/internal/sqs/adapter.go:155.2,156.17 2 0
github.com/org-placeholder/doc-uploader/services/zip-extraction/internal/sqs/adapter.go:156.17,161.3 1 0
github.com/org-placeholder/doc-uploader/services/zip-extraction/internal/sqs/adapter.go:162.2,165.15 3 0
github.com/org-placeholder/doc-uploader/services/zip-extraction/internal/sqs/adapter.go:165.15,167.3 1 0
github.com/org-placeholder/doc-uploader/services/zip-extraction/internal/sqs/adapter.go:170.77,171.26 1 0
github.com/org-placeholder/doc-uploader/services/zip-extraction/internal/sqs/adapter.go:171.26,173.3 1 0
github.com/org-placeholder/doc-uploader/services/zip-extraction/internal/sqs/adapter.go:174.2,178.16 2 0
github.com/org-placeholder/doc-uploader/services/zip-extraction/internal/sqs/adapter.go:178.16,180.3 1 0
github.com/org-placeholder/doc-uploader/services/zip-extraction/internal/sqs/adapter.go:187.94,189.26 2 0
github.com/org-placeholder/doc-uploader/services/zip-extraction/internal/sqs/adapter.go:189.26,192.3 2 0
github.com/org-placeholder/doc-uploader/services/zip-extraction/internal/sqs/adapter.go:193.2,194.21 2 0
github.com/org-placeholder/doc-uploader/services/zip-extraction/internal/sqs/adapter.go:194.21,196.3 1 0
github.com/org-placeholder/doc-uploader/services/zip-extraction/internal/sqs/adapter.go:197.2,198.19 2 0
github.com/org-placeholder/doc-uploader/services/zip-extraction/internal/sqs/adapter.go:198.19,200.3 1 0
github.com/org-placeholder/doc-uploader/services/zip-extraction/internal/sqs/adapter.go:201.2,201.12 1 0
github.com/org-placeholder/doc-uploader/services/zip-extraction/internal/sqs/adapter.go:201.12,205.7 4 0
github.com/org-placeholder/doc-uploader/services/zip-extraction/internal/sqs/adapter.go:205.7,206.11 1 0
github.com/org-placeholder/doc-uploader/services/zip-extraction/internal/sqs/adapter.go:207.22,208.11 1 0
github.com/org-placeholder/doc-uploader/services/zip-extraction/internal/sqs/adapter.go:209.20,215.19 2 0
github.com/org-placeholder/doc-uploader/services/zip-extraction/internal/sqs/adapter.go:215.19,216.14 1 0
github.com/org-placeholder/doc-uploader/services/zip-extraction/internal/sqs/adapter.go:218.5,218.34 1 0
github.com/org-placeholder/doc-uploader/services/zip-extraction/internal/sqs/adapter.go:218.34,221.6 2 0
github.com/org-placeholder/doc-uploader/services/zip-extraction/internal/sqs/adapter.go:222.5,222.79 1 0
github.com/org-placeholder/doc-uploader/services/zip-extraction/internal/sqs/adapter.go:226.2,226.16 1 0
github.com/org-placeholder/doc-uploader/services/zip-extraction/internal/sqs/adapter.go:230.64,231.32 1 0
github.com/org-placeholder/doc-uploader/services/zip-extraction/internal/sqs/adapter.go:231.32,233.3 1 0
github.com/org-placeholder/doc-uploader/services/zip-extraction/internal/sqs/adapter.go:234.2,235.60 2 0
github.com/org-placeholder/doc-uploader/services/zip-extraction/internal/sqs/adapter.go:235.60,237.3 1 0
github.com/org-placeholder/doc-uploader/services/zip-extraction/internal/sqs/adapter.go:238.2,238.48 1 0
github.com/org-placeholder/doc-uploader/services/zip-extraction/internal/sqs/adapter.go:238.48,240.3 1 0
github.com/org-placeholder/doc-uploader/services/zip-extraction/internal/sqs/adapter.go:241.2,241.17 1 0
github.com/org-placeholder/doc-uploader/services/zip-extraction/internal/sqs/adapter.go:244.56,245.33 1 0
github.com/org-placeholder/doc-uploader/services/zip-extraction/internal/sqs/adapter.go:245.33,247.3 1 0
github.com/org-placeholder/doc-uploader/services/zip-extraction/internal/sqs/adapter.go:248.2,248.22 1 0
github.com/org-placeholder/doc-uploader/services/zip-extraction/internal/sqs/adapter.go:248.22,250.3 1 0
github.com/org-placeholder/doc-uploader/services/zip-extraction/internal/sqs/adapter.go:251.2,251.24 1 0
github.com/org-placeholder/doc-uploader/services/zip-extraction/internal/sqs/adapter.go:251.24,253.3 1 0
github.com/org-placeholder/doc-uploader/services/zip-extraction/internal/sqs/adapter.go:254.2,254.26 1 0
github.com/org-placeholder/doc-uploader/services/zip-extraction/internal/sqs/adapter.go:254.26,256.3 1 0
github.com/org-placeholder/doc-uploader/services/zip-extraction/internal/sqs/adapter.go:257.2,257.23 1 0
github.com/org-placeholder/doc-uploader/services/zip-extraction/internal/sqs/adapter.go:257.23,259.3 1 0
github.com/org-placeholder/doc-uploader/services/zip-extraction/internal/sqs/adapter.go:260.2,260.27 1 0
github.com/org-placeholder/doc-uploader/services/zip-extraction/internal/sqs/adapter.go:260.27,262.3 1 0
github.com/org-placeholder/doc-uploader/services/zip-extraction/internal/sqs/adapter.go:263.2,263.12 1 0
github.com/org-placeholder/doc-uploader/services/zip-extraction/internal/sqs/adapter.go:267.43,268.16 1 0
github.com/org-placeholder/doc-uploader/services/zip-extraction/internal/sqs/adapter.go:268.16,270.3 1 0
github.com/org-placeholder/doc-uploader/services/zip-extraction/internal/sqs/adapter.go:271.2,274.29 2 0
github.com/org-placeholder/doc-uploader/services/zip-extraction/internal/sqs/adapter.go:274.29,275.29 1 0
github.com/org-placeholder/doc-uploader/services/zip-extraction/internal/sqs/adapter.go:276.55,277.15 1 0
github.com/org-placeholder/doc-uploader/services/zip-extraction/internal/sqs/adapter.go:280.2,280.14 1 0
github.com/org-placeholder/doc-uploader/services/zip-extraction/internal/storage/adapter.go:46.73,48.2 1 0
github.com/org-placeholder/doc-uploader/services/zip-extraction/internal/storage/adapter.go:51.99,56.16 2 0
github.com/org-placeholder/doc-uploader/services/zip-extraction/internal/storage/adapter.go:56.16,58.3 1 0
github.com/org-placeholder/doc-uploader/services/zip-extraction/internal/storage/adapter.go:59.2,60.30 2 0
github.com/org-placeholder/doc-uploader/services/zip-extraction/internal/storage/adapter.go:60.30,62.3 1 0
github.com/org-placeholder/doc-uploader/services/zip-extraction/internal/storage/adapter.go:63.2,63.28 1 0
github.com/org-placeholder/doc-uploader/services/zip-extraction/internal/storage/adapter.go:75.9,81.23 2 0
github.com/org-placeholder/doc-uploader/services/zip-extraction/internal/storage/adapter.go:81.23,83.3 1 0
github.com/org-placeholder/doc-uploader/services/zip-extraction/internal/storage/adapter.go:84.2,84.23 1 0
github.com/org-placeholder/doc-uploader/services/zip-extraction/internal/storage/adapter.go:85.16,86.63 1 0
github.com/org-placeholder/doc-uploader/services/zip-extraction/internal/storage/adapter.go:87.17,89.30 2 0
github.com/org-placeholder/doc-uploader/services/zip-extraction/internal/storage/adapter.go:89.30,91.4 1 0
github.com/org-placeholder/doc-uploader/services/zip-extraction/internal/storage/adapter.go:94.2,95.18 2 0
github.com/org-placeholder/doc-uploader/services/zip-extraction/internal/storage/adapter.go:95.18,96.55 1 0
github.com/org-placeholder/doc-uploader/services/zip-extraction/internal/storage/adapter.go:96.55,98.4 1 0
github.com/org-placeholder/doc-uploader/services/zip-extraction/internal/storage/adapter.go:99.3,99.13 1 0
github.com/org-placeholder/doc-uploader/services/zip-extraction/internal/storage/adapter.go:101.2,101.52 1 0
github.com/org-placeholder/doc-uploader/services/zip-extraction/internal/storage/adapter.go:101.52,103.3 1 0
github.com/org-placeholder/doc-uploader/services/zip-extraction/internal/storage/adapter.go:104.2,104.12 1 0
github.com/org-placeholder/doc-uploader/services/zip-extraction/internal/storage/mime.go:22.54,24.43 2 0
github.com/org-placeholder/doc-uploader/services/zip-extraction/internal/storage/mime.go:24.43,26.3 1 0
github.com/org-placeholder/doc-uploader/services/zip-extraction/internal/storage/mime.go:27.2,27.46 1 0
github.com/org-placeholder/doc-uploader/services/zip-extraction/internal/storage/mime.go:27.46,28.63 1 0
github.com/org-placeholder/doc-uploader/services/zip-extraction/internal/storage/mime.go:28.63,30.4 1 0
github.com/org-placeholder/doc-uploader/services/zip-extraction/internal/storage/mime.go:32.2,32.16 1 0
github.com/org-placeholder/doc-uploader/services/zip-extraction/internal/storage/mime.go:46.53,49.63 3 0
github.com/org-placeholder/doc-uploader/services/zip-extraction/internal/storage/mime.go:49.63,51.3 1 0
github.com/org-placeholder/doc-uploader/services/zip-extraction/internal/storage/mime.go:53.2,55.55 3 0
github.com/org-placeholder/doc-uploader/services/zip-extraction/internal/validation/validator.go:20.27,20.54 1 0
github.com/org-placeholder/doc-uploader/services/zip-extraction/internal/validation/validator.go:34.66,35.19 1 0
github.com/org-placeholder/doc-uploader/services/zip-extraction/internal/validation/validator.go:35.19,37.3 1 0
github.com/org-placeholder/doc-uploader/services/zip-extraction/internal/validation/validator.go:40.2,41.16 2 0
github.com/org-placeholder/doc-uploader/services/zip-extraction/internal/validation/validator.go:41.16,43.3 1 0
github.com/org-placeholder/doc-uploader/services/zip-extraction/internal/validation/validator.go:46.2,49.35 2 0
github.com/org-placeholder/doc-uploader/services/zip-extraction/internal/validation/validator.go:49.35,51.3 1 0
github.com/org-placeholder/doc-uploader/services/zip-extraction/internal/validation/validator.go:54.2,54.37 1 0
github.com/org-placeholder/doc-uploader/services/zip-extraction/internal/validation/validator.go:54.37,56.3 1 0
github.com/org-placeholder/doc-uploader/services/zip-extraction/internal/validation/validator.go:59.2,59.50 1 0
github.com/org-placeholder/doc-uploader/services/zip-extraction/internal/validation/validator.go:59.50,60.18 1 0
github.com/org-placeholder/doc-uploader/services/zip-extraction/internal/validation/validator.go:60.18,62.4 1 0
github.com/org-placeholder/doc-uploader/services/zip-extraction/internal/validation/validator.go:67.2,71.95 3 0
github.com/org-placeholder/doc-uploader/services/zip-extraction/internal/validation/validator.go:71.95,73.3 1 0
github.com/org-placeholder/doc-uploader/services/zip-extraction/internal/validation/validator.go:78.2,80.14 3 0
github.com/org-placeholder/doc-uploader/services/zip-extraction/internal/validation/validator.go:80.14,82.3 1 0
github.com/org-placeholder/doc-uploader/services/zip-extraction/internal/validation/validator.go:85.2,85.31 1 0
github.com/org-placeholder/doc-uploader/services/zip-extraction/internal/validation/validator.go:85.31,87.3 1 0
github.com/org-placeholder/doc-uploader/services/zip-extraction/internal/validation/validator.go:90.2,90.29 1 0
github.com/org-placeholder/doc-uploader/services/zip-extraction/internal/validation/validator.go:90.29,92.3 1 0
github.com/org-placeholder/doc-uploader/services/zip-extraction/internal/validation/validator.go:93.2,93.25 1 0
github.com/org-placeholder/doc-uploader/services/zip-extraction/internal/validation/validator.go:93.25,94.28 1 0
github.com/org-placeholder/doc-uploader/services/zip-extraction/internal/validation/validator.go:94.28,96.4 1 0
github.com/org-placeholder/doc-uploader/services/zip-extraction/internal/validation/validator.go:100.2,100.34 1 0
github.com/org-placeholder/doc-uploader/services/zip-extraction/internal/validation/validator.go:100.34,102.3 1 0
github.com/org-placeholder/doc-uploader/services/zip-extraction/internal/validation/validator.go:104.2,104.18 1 0
github.com/org-placeholder/doc-uploader/services/zip-extraction/internal/validation/validator.go:109.42,110.16 1 0
github.com/org-placeholder/doc-uploader/services/zip-extraction/internal/validation/validator.go:110.16,112.3 1 0
github.com/org-placeholder/doc-uploader/services/zip-extraction/internal/validation/validator.go:113.2,114.57 2 0
github.com/org-placeholder/doc-uploader/services/zip-extraction/internal/validation/validator.go:114.57,116.3 1 0
github.com/org-placeholder/doc-uploader/services/zip-extraction/internal/validation/validator.go:117.2,117.20 1 0
github.com/org-placeholder/doc-uploader/services/zip-extraction/internal/app/app.go:54.50,54.91 1 0
github.com/org-placeholder/doc-uploader/services/zip-extraction/internal/app/app.go:57.50,62.12 3 0
github.com/org-placeholder/doc-uploader/services/zip-extraction/internal/app/app.go:62.12,64.3 1 0
github.com/org-placeholder/doc-uploader/services/zip-extraction/internal/app/app.go:67.2,67.27 1 0
github.com/org-placeholder/doc-uploader/services/zip-extraction/internal/app/app.go:67.27,71.17 4 0
github.com/org-placeholder/doc-uploader/services/zip-extraction/internal/app/app.go:71.17,75.4 3 0
github.com/org-placeholder/doc-uploader/services/zip-extraction/internal/app/app.go:77.2,85.12 5 0
github.com/org-placeholder/doc-uploader/services/zip-extraction/internal/app/app.go:85.12,87.101 2 0
github.com/org-placeholder/doc-uploader/services/zip-extraction/internal/app/app.go:87.101,89.18 2 0
github.com/org-placeholder/doc-uploader/services/zip-extraction/internal/app/app.go:89.18,91.5 1 0
github.com/org-placeholder/doc-uploader/services/zip-extraction/internal/app/app.go:93.4,101.20 2 0
github.com/org-placeholder/doc-uploader/services/zip-extraction/internal/app/app.go:106.2,106.9 1 0
github.com/org-placeholder/doc-uploader/services/zip-extraction/internal/app/app.go:107.20,108.52 1 0
github.com/org-placeholder/doc-uploader/services/zip-extraction/internal/app/app.go:109.26,110.17 1 0
github.com/org-placeholder/doc-uploader/services/zip-extraction/internal/app/app.go:110.17,113.4 2 0
github.com/org-placeholder/doc-uploader/services/zip-extraction/internal/app/app.go:114.19,115.22 1 0
github.com/org-placeholder/doc-uploader/services/zip-extraction/internal/app/app.go:115.22,118.4 2 0
github.com/org-placeholder/doc-uploader/services/zip-extraction/internal/app/app.go:122.2,127.12 4 0
github.com/org-placeholder/doc-uploader/services/zip-extraction/internal/app/app.go:127.12,129.18 2 0
github.com/org-placeholder/doc-uploader/services/zip-extraction/internal/app/app.go:129.18,129.38 1 0
github.com/org-placeholder/doc-uploader/services/zip-extraction/internal/app/app.go:131.2,131.9 1 0
github.com/org-placeholder/doc-uploader/services/zip-extraction/internal/app/app.go:132.19,132.19 0 0
github.com/org-placeholder/doc-uploader/services/zip-extraction/internal/app/app.go:133.86,134.56 1 0
github.com/org-placeholder/doc-uploader/services/zip-extraction/internal/app/app.go:138.2,142.12 5 0
github.com/org-placeholder/doc-uploader/services/zip-extraction/internal/awsclients/awsclients.go:37.70,38.22 1 3
github.com/org-placeholder/doc-uploader/services/zip-extraction/internal/awsclients/awsclients.go:38.22,40.3 1 1
github.com/org-placeholder/doc-uploader/services/zip-extraction/internal/awsclients/awsclients.go:42.2,49.16 3 2
github.com/org-placeholder/doc-uploader/services/zip-extraction/internal/awsclients/awsclients.go:49.16,51.3 1 0
github.com/org-placeholder/doc-uploader/services/zip-extraction/internal/awsclients/awsclients.go:54.2,54.32 1 2
github.com/org-placeholder/doc-uploader/services/zip-extraction/internal/awsclients/awsclients.go:54.32,55.31 1 2
github.com/org-placeholder/doc-uploader/services/zip-extraction/internal/awsclients/awsclients.go:55.31,58.4 2 1
github.com/org-placeholder/doc-uploader/services/zip-extraction/internal/awsclients/awsclients.go:60.2,60.34 1 2
github.com/org-placeholder/doc-uploader/services/zip-extraction/internal/awsclients/awsclients.go:60.34,61.31 1 2
github.com/org-placeholder/doc-uploader/services/zip-extraction/internal/awsclients/awsclients.go:61.31,63.4 1 1
github.com/org-placeholder/doc-uploader/services/zip-extraction/internal/awsclients/awsclients.go:65.2,65.39 1 2
github.com/org-placeholder/doc-uploader/services/zip-extraction/internal/awsclients/awsclients.go:65.39,66.31 1 2
github.com/org-placeholder/doc-uploader/services/zip-extraction/internal/awsclients/awsclients.go:66.31,68.4 1 1
github.com/org-placeholder/doc-uploader/services/zip-extraction/internal/awsclients/awsclients.go:71.2,78.8 2 2
github.com/org-placeholder/doc-uploader/services/zip-extraction/internal/bombdefence/checker.go:27.49,27.78 1 0
github.com/org-placeholder/doc-uploader/services/zip-extraction/internal/bombdefence/checker.go:32.67,33.62 1 0
github.com/org-placeholder/doc-uploader/services/zip-extraction/internal/bombdefence/checker.go:33.62,38.3 1 0
github.com/org-placeholder/doc-uploader/services/zip-extraction/internal/bombdefence/checker.go:39.2,39.43 1 0
github.com/org-placeholder/doc-uploader/services/zip-extraction/internal/bombdefence/checker.go:39.43,44.3 1 0
github.com/org-placeholder/doc-uploader/services/zip-extraction/internal/bombdefence/checker.go:45.2,45.12 1 0
github.com/org-placeholder/doc-uploader/services/zip-extraction/internal/bombdefence/checker.go:53.69,54.48 1 0
github.com/org-placeholder/doc-uploader/services/zip-extraction/internal/bombdefence/checker.go:54.48,59.3 1 0
github.com/org-placeholder/doc-uploader/services/zip-extraction/internal/bombdefence/checker.go:60.2,60.49 1 0
github.com/org-placeholder/doc-uploader/services/zip-extraction/internal/bombdefence/checker.go:60.49,65.3 1 0
github.com/org-placeholder/doc-uploader/services/zip-extraction/internal/bombdefence/checker.go:66.2,66.55 1 0
github.com/org-placeholder/doc-uploader/services/zip-extraction/internal/bombdefence/checker.go:66.55,71.3 1 0
github.com/org-placeholder/doc-uploader/services/zip-extraction/internal/bombdefence/checker.go:72.2,72.12 1 0
github.com/org-placeholder/doc-uploader/services/zip-extraction/internal/bombdefence/checker.go:83.81,91.2 1 0
github.com/org-placeholder/doc-uploader/services/zip-extraction/internal/bombdefence/checker.go:114.54,115.25 1 0
github.com/org-placeholder/doc-uploader/services/zip-extraction/internal/bombdefence/checker.go:115.25,117.3 1 0
github.com/org-placeholder/doc-uploader/services/zip-extraction/internal/bombdefence/checker.go:118.2,119.11 2 0
github.com/org-placeholder/doc-uploader/services/zip-extraction/internal/bombdefence/checker.go:119.11,121.70 2 0
github.com/org-placeholder/doc-uploader/services/zip-extraction/internal/bombdefence/checker.go:121.70,127.4 2 0
github.com/org-placeholder/doc-uploader/services/zip-extraction/internal/bombdefence/checker.go:131.3,131.99 1 0
github.com/org-placeholder/doc-uploader/services/zip-extraction/internal/bombdefence/checker.go:131.99,133.27 2 0
github.com/org-placeholder/doc-uploader/services/zip-extraction/internal/bombdefence/checker.go:133.27,139.5 2 0
github.com/org-placeholder/doc-uploader/services/zip-extraction/internal/bombdefence/checker.go:142.2,142.15 1 0
github.com/org-placeholder/doc-uploader/services/zip-extraction/internal/bombdefence/format.go:5.61,7.2 1 0
github.com/org-placeholder/doc-uploader/services/zip-extraction/internal/bombdefence/format.go:9.62,11.2 1 0
github.com/org-placeholder/doc-uploader/services/zip-extraction/internal/bombdefence/format.go:13.54,15.2 1 0
github.com/org-placeholder/doc-uploader/services/zip-extraction/internal/config/config.go:89.29,101.16 4 0
github.com/org-placeholder/doc-uploader/services/zip-extraction/internal/config/config.go:101.16,103.3 1 0
github.com/org-placeholder/doc-uploader/services/zip-extraction/internal/config/config.go:104.2,117.47 5 0
github.com/org-placeholder/doc-uploader/services/zip-extraction/internal/config/config.go:117.47,119.3 1 0
github.com/org-placeholder/doc-uploader/services/zip-extraction/internal/config/config.go:121.2,121.37 1 0
github.com/org-placeholder/doc-uploader/services/zip-extraction/internal/config/config.go:121.37,123.3 1 0
github.com/org-placeholder/doc-uploader/services/zip-extraction/internal/config/config.go:124.2,124.15 1 0
github.com/org-placeholder/doc-uploader/services/zip-extraction/internal/config/config.go:130.34,131.28 1 0
github.com/org-placeholder/doc-uploader/services/zip-extraction/internal/config/config.go:131.28,133.3 1 0
github.com/org-placeholder/doc-uploader/services/zip-extraction/internal/config/config.go:134.2,134.33 1 0
github.com/org-placeholder/doc-uploader/services/zip-extraction/internal/config/config.go:134.33,136.3 1 0
github.com/org-placeholder/doc-uploader/services/zip-extraction/internal/config/config.go:137.2,137.31 1 0
github.com/org-placeholder/doc-uploader/services/zip-extraction/internal/config/config.go:137.31,139.3 1 0
github.com/org-placeholder/doc-uploader/services/zip-extraction/internal/config/config.go:140.2,140.45 1 0
github.com/org-placeholder/doc-uploader/services/zip-extraction/internal/config/config.go:140.45,142.3 1 0
github.com/org-placeholder/doc-uploader/services/zip-extraction/internal/config/config.go:144.2,144.43 1 0
github.com/org-placeholder/doc-uploader/services/zip-extraction/internal/config/config.go:145.25,145.25 0 0
github.com/org-placeholder/doc-uploader/services/zip-extraction/internal/config/config.go:146.10,147.80 1 0
github.com/org-placeholder/doc-uploader/services/zip-extraction/internal/config/config.go:150.2,150.20 1 0
github.com/org-placeholder/doc-uploader/services/zip-extraction/internal/config/config.go:151.16,151.16 0 0
github.com/org-placeholder/doc-uploader/services/zip-extraction/internal/config/config.go:152.17,153.27 1 0
github.com/org-placeholder/doc-uploader/services/zip-extraction/internal/config/config.go:153.27,155.4 1 0
github.com/org-placeholder/doc-uploader/services/zip-extraction/internal/config/config.go:156.10,157.70 1 0
github.com/org-placeholder/doc-uploader/services/zip-extraction/internal/config/config.go:160.2,160.47 1 0
github.com/org-placeholder/doc-uploader/services/zip-extraction/internal/config/config.go:160.47,162.3 1 0
github.com/org-placeholder/doc-uploader/services/zip-extraction/internal/config/config.go:163.2,163.46 1 0
github.com/org-placeholder/doc-uploader/services/zip-extraction/internal/config/config.go:163.46,165.3 1 0
github.com/org-placeholder/doc-uploader/services/zip-extraction/internal/config/config.go:166.2,166.44 1 0
github.com/org-placeholder/doc-uploader/services/zip-extraction/internal/config/config.go:166.44,168.3 1 0
github.com/org-placeholder/doc-uploader/services/zip-extraction/internal/config/config.go:169.2,169.38 1 0
github.com/org-placeholder/doc-uploader/services/zip-extraction/internal/config/config.go:169.38,171.3 1 0
github.com/org-placeholder/doc-uploader/services/zip-extraction/internal/config/config.go:172.2,172.42 1 0
github.com/org-placeholder/doc-uploader/services/zip-extraction/internal/config/config.go:172.42,174.3 1 0
github.com/org-placeholder/doc-uploader/services/zip-extraction/internal/config/config.go:175.2,175.47 1 0
github.com/org-placeholder/doc-uploader/services/zip-extraction/internal/config/config.go:175.47,177.3 1 0
github.com/org-placeholder/doc-uploader/services/zip-extraction/internal/config/config.go:178.2,178.49 1 0
github.com/org-placeholder/doc-uploader/services/zip-extraction/internal/config/config.go:178.49,180.3 1 0
github.com/org-placeholder/doc-uploader/services/zip-extraction/internal/config/config.go:182.2,182.45 1 0
github.com/org-placeholder/doc-uploader/services/zip-extraction/internal/config/config.go:182.45,184.3 1 0
github.com/org-placeholder/doc-uploader/services/zip-extraction/internal/config/config.go:185.2,186.65 2 0
github.com/org-placeholder/doc-uploader/services/zip-extraction/internal/config/config.go:186.65,189.3 1 0
github.com/org-placeholder/doc-uploader/services/zip-extraction/internal/config/config.go:191.2,191.30 1 0
github.com/org-placeholder/doc-uploader/services/zip-extraction/internal/config/config.go:191.30,193.3 1 0
github.com/org-placeholder/doc-uploader/services/zip-extraction/internal/config/config.go:194.2,194.36 1 0
github.com/org-placeholder/doc-uploader/services/zip-extraction/internal/config/config.go:194.36,196.3 1 0
github.com/org-placeholder/doc-uploader/services/zip-extraction/internal/config/config.go:197.2,197.33 1 0
github.com/org-placeholder/doc-uploader/services/zip-extraction/internal/config/config.go:197.33,199.3 1 0
github.com/org-placeholder/doc-uploader/services/zip-extraction/internal/config/config.go:200.2,200.62 1 0
github.com/org-placeholder/doc-uploader/services/zip-extraction/internal/config/config.go:200.62,202.3 1 0
github.com/org-placeholder/doc-uploader/services/zip-extraction/internal/config/config.go:204.2,204.37 1 0
github.com/org-placeholder/doc-uploader/services/zip-extraction/internal/config/config.go:204.37,206.3 1 0
github.com/org-placeholder/doc-uploader/services/zip-extraction/internal/config/config.go:207.2,207.28 1 0
github.com/org-placeholder/doc-uploader/services/zip-extraction/internal/config/config.go:207.28,209.3 1 0
github.com/org-placeholder/doc-uploader/services/zip-extraction/internal/config/config.go:210.2,210.43 1 0
github.com/org-placeholder/doc-uploader/services/zip-extraction/internal/config/config.go:210.43,212.3 1 0
github.com/org-placeholder/doc-uploader/services/zip-extraction/internal/config/config.go:213.2,213.37 1 0
github.com/org-placeholder/doc-uploader/services/zip-extraction/internal/config/config.go:213.37,215.3 1 0
github.com/org-placeholder/doc-uploader/services/zip-extraction/internal/config/config.go:216.2,216.12 1 0
github.com/org-placeholder/doc-uploader/services/zip-extraction/internal/config/config.go:219.45,221.16 2 0
github.com/org-placeholder/doc-uploader/services/zip-extraction/internal/config/config.go:221.16,223.3 1 0
[...]
github.com/org-placeholder/doc-uploader/services/zip-extraction/internal/retry/retry.go:129.2,129.46 1 0
github.com/org-placeholder/doc-uploader/services/zip-extraction/internal/retry/retry.go:129.46,131.3 1 0
github.com/org-placeholder/doc-uploader/services/zip-extraction/internal/retry/retry.go:132.2,132.47 1 0
github.com/org-placeholder/doc-uploader/services/zip-extraction/internal/retry/retry.go:132.47,134.3 1 0
github.com/org-placeholder/doc-uploader/services/zip-extraction/internal/retry/retry.go:137.2,138.29 2 0
github.com/org-placeholder/doc-uploader/services/zip-extraction/internal/retry/retry.go:138.29,140.15 2 0
github.com/org-placeholder/doc-uploader/services/zip-extraction/internal/retry/retry.go:147.15,148.52 1 0
github.com/org-placeholder/doc-uploader/services/zip-extraction/internal/retry/retry.go:150.30,151.49 1 0
github.com/org-placeholder/doc-uploader/services/zip-extraction/internal/retry/retry.go:156.2,159.30 2 0
github.com/org-placeholder/doc-uploader/services/zip-extraction/internal/retry/retry.go:159.30,161.10 2 0
github.com/org-placeholder/doc-uploader/services/zip-extraction/internal/retry/retry.go:162.29,163.45 1 0
github.com/org-placeholder/doc-uploader/services/zip-extraction/internal/retry/retry.go:164.29,165.20 1 0
github.com/org-placeholder/doc-uploader/services/zip-extraction/internal/retry/retry.go:172.2,172.46 1 0
github.com/org-placeholder/doc-uploader/services/zip-extraction/internal/retry/retry.go:172.46,174.3 1 0
github.com/org-placeholder/doc-uploader/services/zip-extraction/internal/retry/retry.go:177.2,178.28 2 0
github.com/org-placeholder/doc-uploader/services/zip-extraction/internal/retry/retry.go:178.28,180.3 1 0
github.com/org-placeholder/doc-uploader/services/zip-extraction/internal/retry/retry.go:181.2,182.51 2 0
github.com/org-placeholder/doc-uploader/services/zip-extraction/internal/retry/retry.go:182.51,184.3 1 0
github.com/org-placeholder/doc-uploader/services/zip-extraction/internal/retry/retry.go:187.2,187.96 1 0
github.com/org-placeholder/doc-uploader/services/zip-extraction/internal/retry/retry.go:187.96,189.3 1 0
github.com/org-placeholder/doc-uploader/services/zip-extraction/internal/retry/retry.go:191.2,191.18 1 0
github.com/org-placeholder/doc-uploader/services/zip-extraction/internal/retry/retry.go:195.34,198.2 2 0
github.com/org-placeholder/doc-uploader/services/zip-extraction/internal/retry/retry.go:203.35,204.16 1 0
github.com/org-placeholder/doc-uploader/services/zip-extraction/internal/retry/retry.go:204.16,206.3 1 0
github.com/org-placeholder/doc-uploader/services/zip-extraction/internal/retry/retry.go:207.2,208.16 2 0
github.com/org-placeholder/doc-uploader/services/zip-extraction/internal/retry/retry.go:208.16,210.3 1 0
github.com/org-placeholder/doc-uploader/services/zip-extraction/internal/retry/retry.go:211.2,211.61 1 0
github.com/org-placeholder/doc-uploader/services/zip-extraction/internal/slipsheet/slipsheet.go:53.13,63.28 2 0
github.com/org-placeholder/doc-uploader/services/zip-extraction/internal/slipsheet/slipsheet.go:63.28,71.3 1 0
github.com/org-placeholder/doc-uploader/services/zip-extraction/internal/slipsheet/slipsheet.go:72.2,72.46 1 0
github.com/org-placeholder/doc-uploader/services/zip-extraction/internal/slipsheet/slipsheet.go:72.46,74.3 1 0
github.com/org-placeholder/doc-uploader/services/zip-extraction/internal/slipsheet/slipsheet.go:75.2,76.11 2 0
github.com/org-placeholder/doc-uploader/services/zip-extraction/internal/slipsheet/slipsheet.go:80.44,82.16 2 0
github.com/org-placeholder/doc-uploader/services/zip-extraction/internal/slipsheet/slipsheet.go:82.16,84.3 1 0
github.com/org-placeholder/doc-uploader/services/zip-extraction/internal/slipsheet/slipsheet.go:85.2,85.15 1 0
github.com/org-placeholder/doc-uploader/services/zip-extraction/internal/slipsheet/slipsheet.go:89.45,91.47 2 0
github.com/org-placeholder/doc-uploader/services/zip-extraction/internal/slipsheet/slipsheet.go:91.47,93.3 1 0
github.com/org-placeholder/doc-uploader/services/zip-extraction/internal/slipsheet/slipsheet.go:94.2,94.16 1 0
github.com/org-placeholder/doc-uploader/services/zip-extraction/internal/slipsheet/slipsheet.go:106.79,107.18 1 0
github.com/org-placeholder/doc-uploader/services/zip-extraction/internal/slipsheet/slipsheet.go:107.18,109.3 1 0
github.com/org-placeholder/doc-uploader/services/zip-extraction/internal/slipsheet/slipsheet.go:110.2,110.68 1 0
github.com/org-placeholder/doc-uploader/services/zip-extraction/internal/slipsheet/slipsheet.go:121.9,124.16 3 0
github.com/org-placeholder/doc-uploader/services/zip-extraction/internal/slipsheet/slipsheet.go:124.16,126.3 1 0
github.com/org-placeholder/doc-uploader/services/zip-extraction/internal/slipsheet/slipsheet.go:127.2,128.97 2 0
github.com/org-placeholder/doc-uploader/services/zip-extraction/internal/slipsheet/util.go:9.38,9.67 1 0
github.com/org-placeholder/doc-uploader/services/zip-extraction/internal/sqs/adapter.go:49.103,51.2 1 6
github.com/org-placeholder/doc-uploader/services/zip-extraction/internal/sqs/adapter.go:55.74,61.12 4 6
github.com/org-placeholder/doc-uploader/services/zip-extraction/internal/sqs/adapter.go:61.12,64.3 2 6
github.com/org-placeholder/doc-uploader/services/zip-extraction/internal/sqs/adapter.go:66.2,66.6 1 6
github.com/org-placeholder/doc-uploader/services/zip-extraction/internal/sqs/adapter.go:66.6,67.42 1 20
github.com/org-placeholder/doc-uploader/services/zip-extraction/internal/sqs/adapter.go:67.42,68.9 1 0
github.com/org-placeholder/doc-uploader/services/zip-extraction/internal/sqs/adapter.go:70.3,76.17 2 20
github.com/org-placeholder/doc-uploader/services/zip-extraction/internal/sqs/adapter.go:76.17,77.84 1 6
github.com/org-placeholder/doc-uploader/services/zip-extraction/internal/sqs/adapter.go:77.84,78.10 1 5
github.com/org-placeholder/doc-uploader/services/zip-extraction/internal/sqs/adapter.go:80.4,81.11 2 1
github.com/org-placeholder/doc-uploader/services/zip-extraction/internal/sqs/adapter.go:82.29,83.15 1 1
github.com/org-placeholder/doc-uploader/services/zip-extraction/internal/sqs/adapter.go:84.39,84.39 0 0
github.com/org-placeholder/doc-uploader/services/zip-extraction/internal/sqs/adapter.go:86.4,86.12 1 0
github.com/org-placeholder/doc-uploader/services/zip-extraction/internal/sqs/adapter.go:88.3,88.34 1 14
github.com/org-placeholder/doc-uploader/services/zip-extraction/internal/sqs/adapter.go:88.34,90.11 2 10
github.com/org-placeholder/doc-uploader/services/zip-extraction/internal/sqs/adapter.go:91.29,91.29 0 10
github.com/org-placeholder/doc-uploader/services/zip-extraction/internal/sqs/adapter.go:92.29,93.15 1 0
github.com/org-placeholder/doc-uploader/services/zip-extraction/internal/sqs/adapter.go:95.4,96.14 2 10
github.com/org-placeholder/doc-uploader/services/zip-extraction/internal/sqs/adapter.go:96.14,98.18 2 10
github.com/org-placeholder/doc-uploader/services/zip-extraction/internal/sqs/adapter.go:98.18,98.29 1 10
github.com/org-placeholder/doc-uploader/services/zip-extraction/internal/sqs/adapter.go:99.5,99.32 1 10
github.com/org-placeholder/doc-uploader/services/zip-extraction/internal/sqs/adapter.go:105.2,109.12 3 6
github.com/org-placeholder/doc-uploader/services/zip-extraction/internal/sqs/adapter.go:109.12,112.3 2 6
github.com/org-placeholder/doc-uploader/services/zip-extraction/internal/sqs/adapter.go:113.2,113.9 1 6
github.com/org-placeholder/doc-uploader/services/zip-extraction/internal/sqs/adapter.go:114.14,115.61 1 6
github.com/org-placeholder/doc-uploader/services/zip-extraction/internal/sqs/adapter.go:116.83,117.98 1 0
github.com/org-placeholder/doc-uploader/services/zip-extraction/internal/sqs/adapter.go:119.2,119.12 1 6
github.com/org-placeholder/doc-uploader/services/zip-extraction/internal/sqs/adapter.go:122.97,123.15 1 10
github.com/org-placeholder/doc-uploader/services/zip-extraction/internal/sqs/adapter.go:123.15,124.31 1 10
github.com/org-placeholder/doc-uploader/services/zip-extraction/internal/sqs/adapter.go:124.31,130.4 1 0
github.com/org-placeholder/doc-uploader/services/zip-extraction/internal/sqs/adapter.go:136.2,143.16 5 10
github.com/org-placeholder/doc-uploader/services/zip-extraction/internal/sqs/adapter.go:143.16,153.3 5 1
github.com/org-placeholder/doc-uploader/services/zip-extraction/internal/sqs/adapter.go:155.2,156.17 2 9
github.com/org-placeholder/doc-uploader/services/zip-extraction/internal/sqs/adapter.go:156.17,161.3 1 1
github.com/org-placeholder/doc-uploader/services/zip-extraction/internal/sqs/adapter.go:162.2,165.15 3 9
github.com/org-placeholder/doc-uploader/services/zip-extraction/internal/sqs/adapter.go:165.15,167.3 1 8
github.com/org-placeholder/doc-uploader/services/zip-extraction/internal/sqs/adapter.go:170.77,171.26 1 9
github.com/org-placeholder/doc-uploader/services/zip-extraction/internal/sqs/adapter.go:171.26,173.3 1 0
github.com/org-placeholder/doc-uploader/services/zip-extraction/internal/sqs/adapter.go:174.2,178.16 2 9
github.com/org-placeholder/doc-uploader/services/zip-extraction/internal/sqs/adapter.go:178.16,180.3 1 0
github.com/org-placeholder/doc-uploader/services/zip-extraction/internal/sqs/adapter.go:187.94,189.26 2 10
github.com/org-placeholder/doc-uploader/services/zip-extraction/internal/sqs/adapter.go:189.26,192.3 2 0
github.com/org-placeholder/doc-uploader/services/zip-extraction/internal/sqs/adapter.go:193.2,194.21 2 10
github.com/org-placeholder/doc-uploader/services/zip-extraction/internal/sqs/adapter.go:194.21,196.3 1 0
github.com/org-placeholder/doc-uploader/services/zip-extraction/internal/sqs/adapter.go:197.2,198.19 2 10
github.com/org-placeholder/doc-uploader/services/zip-extraction/internal/sqs/adapter.go:198.19,200.3 1 0
github.com/org-placeholder/doc-uploader/services/zip-extraction/internal/sqs/adapter.go:201.2,201.12 1 10
github.com/org-placeholder/doc-uploader/services/zip-extraction/internal/sqs/adapter.go:201.12,205.7 4 10
github.com/org-placeholder/doc-uploader/services/zip-extraction/internal/sqs/adapter.go:205.7,206.11 1 11
github.com/org-placeholder/doc-uploader/services/zip-extraction/internal/sqs/adapter.go:207.22,208.11 1 10
github.com/org-placeholder/doc-uploader/services/zip-extraction/internal/sqs/adapter.go:209.20,215.19 2 1
github.com/org-placeholder/doc-uploader/services/zip-extraction/internal/sqs/adapter.go:215.19,216.14 1 1
github.com/org-placeholder/doc-uploader/services/zip-extraction/internal/sqs/adapter.go:218.5,218.34 1 0
github.com/org-placeholder/doc-uploader/services/zip-extraction/internal/sqs/adapter.go:218.34,221.6 2 0
github.com/org-placeholder/doc-uploader/services/zip-extraction/internal/sqs/adapter.go:222.5,222.79 1 0
github.com/org-placeholder/doc-uploader/services/zip-extraction/internal/sqs/adapter.go:226.2,226.16 1 10
github.com/org-placeholder/doc-uploader/services/zip-extraction/internal/sqs/adapter.go:230.64,231.32 1 15
github.com/org-placeholder/doc-uploader/services/zip-extraction/internal/sqs/adapter.go:231.32,233.3 1 0
github.com/org-placeholder/doc-uploader/services/zip-extraction/internal/sqs/adapter.go:234.2,235.60 2 15
github.com/org-placeholder/doc-uploader/services/zip-extraction/internal/sqs/adapter.go:235.60,237.3 1 2
github.com/org-placeholder/doc-uploader/services/zip-extraction/internal/sqs/adapter.go:238.2,238.48 1 13
github.com/org-placeholder/doc-uploader/services/zip-extraction/internal/sqs/adapter.go:238.48,240.3 1 3
github.com/org-placeholder/doc-uploader/services/zip-extraction/internal/sqs/adapter.go:241.2,241.17 1 10
github.com/org-placeholder/doc-uploader/services/zip-extraction/internal/sqs/adapter.go:244.56,245.33 1 13
github.com/org-placeholder/doc-uploader/services/zip-extraction/internal/sqs/adapter.go:245.33,247.3 1 1
github.com/org-placeholder/doc-uploader/services/zip-extraction/internal/sqs/adapter.go:248.2,248.22 1 12
github.com/org-placeholder/doc-uploader/services/zip-extraction/internal/sqs/adapter.go:248.22,250.3 1 1
github.com/org-placeholder/doc-uploader/services/zip-extraction/internal/sqs/adapter.go:251.2,251.24 1 11
github.com/org-placeholder/doc-uploader/services/zip-extraction/internal/sqs/adapter.go:251.24,253.3 1 0
github.com/org-placeholder/doc-uploader/services/zip-extraction/internal/sqs/adapter.go:254.2,254.26 1 11
github.com/org-placeholder/doc-uploader/services/zip-extraction/internal/sqs/adapter.go:254.26,256.3 1 0
github.com/org-placeholder/doc-uploader/services/zip-extraction/internal/sqs/adapter.go:257.2,257.23 1 11
github.com/org-placeholder/doc-uploader/services/zip-extraction/internal/sqs/adapter.go:257.23,259.3 1 0
github.com/org-placeholder/doc-uploader/services/zip-extraction/internal/sqs/adapter.go:260.2,260.27 1 11
github.com/org-placeholder/doc-uploader/services/zip-extraction/internal/sqs/adapter.go:260.27,262.3 1 1
github.com/org-placeholder/doc-uploader/services/zip-extraction/internal/sqs/adapter.go:263.2,263.12 1 10
github.com/org-placeholder/doc-uploader/services/zip-extraction/internal/sqs/adapter.go:267.43,268.16 1 0
github.com/org-placeholder/doc-uploader/services/zip-extraction/internal/sqs/adapter.go:268.16,270.3 1 0
github.com/org-placeholder/doc-uploader/services/zip-extraction/internal/sqs/adapter.go:271.2,274.29 2 0
github.com/org-placeholder/doc-uploader/services/zip-extraction/internal/sqs/adapter.go:274.29,275.29 1 0
github.com/org-placeholder/doc-uploader/services/zip-extraction/internal/sqs/adapter.go:276.55,277.15 1 0
github.com/org-placeholder/doc-uploader/services/zip-extraction/internal/sqs/adapter.go:280.2,280.14 1 0
github.com/org-placeholder/doc-uploader/services/zip-extraction/internal/storage/adapter.go:46.73,48.2 1 0
github.com/org-placeholder/doc-uploader/services/zip-extraction/internal/storage/adapter.go:51.99,56.16 2 0
github.com/org-placeholder/doc-uploader/services/zip-extraction/internal/storage/adapter.go:56.16,58.3 1 0
github.com/org-placeholder/doc-uploader/services/zip-extraction/internal/storage/adapter.go:59.2,60.30 2 0
github.com/org-placeholder/doc-uploader/services/zip-extraction/internal/storage/adapter.go:60.30,62.3 1 0
github.com/org-placeholder/doc-uploader/services/zip-extraction/internal/storage/adapter.go:63.2,63.28 1 0
github.com/org-placeholder/doc-uploader/services/zip-extraction/internal/storage/adapter.go:75.9,81.23 2 0
github.com/org-placeholder/doc-uploader/services/zip-extraction/internal/storage/adapter.go:81.23,83.3 1 0
github.com/org-placeholder/doc-uploader/services/zip-extraction/internal/storage/adapter.go:84.2,84.23 1 0
github.com/org-placeholder/doc-uploader/services/zip-extraction/internal/storage/adapter.go:85.16,86.63 1 0
github.com/org-placeholder/doc-uploader/services/zip-extraction/internal/storage/adapter.go:87.17,89.30 2 0
github.com/org-placeholder/doc-uploader/services/zip-extraction/internal/storage/adapter.go:89.30,91.4 1 0
github.com/org-placeholder/doc-uploader/services/zip-extraction/internal/storage/adapter.go:94.2,95.18 2 0
github.com/org-placeholder/doc-uploader/services/zip-extraction/internal/storage/adapter.go:95.18,96.55 1 0
github.com/org-placeholder/doc-uploader/services/zip-extraction/internal/storage/adapter.go:96.55,98.4 1 0
github.com/org-placeholder/doc-uploader/services/zip-extraction/internal/storage/adapter.go:99.3,99.13 1 0
github.com/org-placeholder/doc-uploader/services/zip-extraction/internal/storage/adapter.go:101.2,101.52 1 0
github.com/org-placeholder/doc-uploader/services/zip-extraction/internal/storage/adapter.go:101.52,103.3 1 0
github.com/org-placeholder/doc-uploader/services/zip-extraction/internal/storage/adapter.go:104.2,104.12 1 0
github.com/org-placeholder/doc-uploader/services/zip-extraction/internal/storage/mime.go:22.54,24.43 2 0
github.com/org-placeholder/doc-uploader/services/zip-extraction/internal/storage/mime.go:24.43,26.3 1 0
github.com/org-placeholder/doc-uploader/services/zip-extraction/internal/storage/mime.go:27.2,27.46 1 0
github.com/org-placeholder/doc-uploader/services/zip-extraction/internal/storage/mime.go:27.46,28.63 1 0
github.com/org-placeholder/doc-uploader/services/zip-extraction/internal/storage/mime.go:28.63,30.4 1 0
github.com/org-placeholder/doc-uploader/services/zip-extraction/internal/storage/mime.go:32.2,32.16 1 0
github.com/org-placeholder/doc-uploader/services/zip-extraction/internal/storage/mime.go:46.53,49.63 3 0
github.com/org-placeholder/doc-uploader/services/zip-extraction/internal/storage/mime.go:49.63,51.3 1 0
github.com/org-placeholder/doc-uploader/services/zip-extraction/internal/storage/mime.go:53.2,55.55 3 0
github.com/org-placeholder/doc-uploader/services/zip-extraction/internal/validation/validator.go:20.27,20.54 1 0
github.com/org-placeholder/doc-uploader/services/zip-extraction/internal/validation/validator.go:34.66,35.19 1 0
github.com/org-placeholder/doc-uploader/services/zip-extraction/internal/validation/validator.go:35.19,37.3 1 0
github.com/org-placeholder/doc-uploader/services/zip-extraction/internal/validation/validator.go:40.2,41.16 2 0
github.com/org-placeholder/doc-uploader/services/zip-extraction/internal/validation/validator.go:41.16,43.3 1 0
github.com/org-placeholder/doc-uploader/services/zip-extraction/internal/validation/validator.go:46.2,49.35 2 0
github.com/org-placeholder/doc-uploader/services/zip-extraction/internal/validation/validator.go:49.35,51.3 1 0
github.com/org-placeholder/doc-uploader/services/zip-extraction/internal/validation/validator.go:54.2,54.37 1 0
github.com/org-placeholder/doc-uploader/services/zip-extraction/internal/validation/validator.go:54.37,56.3 1 0
github.com/org-placeholder/doc-uploader/services/zip-extraction/internal/validation/validator.go:59.2,59.50 1 0
github.com/org-placeholder/doc-uploader/services/zip-extraction/internal/validation/validator.go:59.50,60.18 1 0
github.com/org-placeholder/doc-uploader/services/zip-extraction/internal/validation/validator.go:60.18,62.4 1 0
github.com/org-placeholder/doc-uploader/services/zip-extraction/internal/validation/validator.go:67.2,71.95 3 0
github.com/org-placeholder/doc-uploader/services/zip-extraction/internal/validation/validator.go:71.95,73.3 1 0
github.com/org-placeholder/doc-uploader/services/zip-extraction/internal/validation/validator.go:78.2,80.14 3 0
github.com/org-placeholder/doc-uploader/services/zip-extraction/internal/validation/validator.go:80.14,82.3 1 0
github.com/org-placeholder/doc-uploader/services/zip-extraction/internal/validation/validator.go:85.2,85.31 1 0
github.com/org-placeholder/doc-uploader/services/zip-extraction/internal/validation/validator.go:85.31,87.3 1 0
github.com/org-placeholder/doc-uploader/services/zip-extraction/internal/validation/validator.go:90.2,90.29 1 0
github.com/org-placeholder/doc-uploader/services/zip-extraction/internal/validation/validator.go:90.29,92.3 1 0
github.com/org-placeholder/doc-uploader/services/zip-extraction/internal/validation/validator.go:93.2,93.25 1 0
github.com/org-placeholder/doc-uploader/services/zip-extraction/internal/validation/validator.go:93.25,94.28 1 0
github.com/org-placeholder/doc-uploader/services/zip-extraction/internal/validation/validator.go:94.28,96.4 1 0
github.com/org-placeholder/doc-uploader/services/zip-extraction/internal/validation/validator.go:100.2,100.34 1 0
github.com/org-placeholder/doc-uploader/services/zip-extraction/internal/validation/validator.go:100.34,102.3 1 0
github.com/org-placeholder/doc-uploader/services/zip-extraction/internal/validation/validator.go:104.2,104.18 1 0
github.com/org-placeholder/doc-uploader/services/zip-extraction/internal/validation/validator.go:109.42,110.16 1 0
github.com/org-placeholder/doc-uploader/services/zip-extraction/internal/validation/validator.go:110.16,112.3 1 0
github.com/org-placeholder/doc-uploader/services/zip-extraction/internal/validation/validator.go:113.2,114.57 2 0
github.com/org-placeholder/doc-uploader/services/zip-extraction/internal/validation/validator.go:114.57,116.3 1 0
github.com/org-placeholder/doc-uploader/services/zip-extraction/internal/validation/validator.go:117.2,117.20 1 0
